CRITICAL - 2023-06-07 15:28:18 --> Cannot use object of type stdClass as array
in APPPATH\Controllers\Dashboard.php on line 17.
 1 [internal function]: App\Controllers\Dashboard->App\Controllers\{closure}(Object(stdClass))
 2 APPPATH\Controllers\Dashboard.php(18): array_filter([...], Object(Closure))
 3 SYSTEMPATH\CodeIgniter.php(934): App\Controllers\Dashboard->fetchRoomController()
 4 SYSTEMPATH\CodeIgniter.php(499): CodeIgniter\CodeIgniter->runController(Object(App\Controllers\Dashboard))
 5 SYSTEMPATH\CodeIgniter.php(368): CodeIgniter\CodeIgniter->handleRequest(null, Object(Config\Cache), false)
 6 FCPATH\index.php(67): CodeIgniter\CodeIgniter->run()
 7 SYSTEMPATH\Commands\Server\rewrite.php(47): require_once('C:\\Users\\Marketing\\Desktop\\Vue\\CI Prac\\Reservation\\reservationAPI\\public\\index.php')
CRITICAL - 2023-06-07 15:28:18 --> Cannot use object of type stdClass as array
in APPPATH\Controllers\Dashboard.php on line 17.
 1 [internal function]: App\Controllers\Dashboard->App\Controllers\{closure}(Object(stdClass))
 2 APPPATH\Controllers\Dashboard.php(18): array_filter([...], Object(Closure))
 3 SYSTEMPATH\CodeIgniter.php(934): App\Controllers\Dashboard->fetchRoomController()
 4 SYSTEMPATH\CodeIgniter.php(499): CodeIgniter\CodeIgniter->runController(Object(App\Controllers\Dashboard))
 5 SYSTEMPATH\CodeIgniter.php(368): CodeIgniter\CodeIgniter->handleRequest(null, Object(Config\Cache), false)
 6 FCPATH\index.php(67): CodeIgniter\CodeIgniter->run()
 7 SYSTEMPATH\Commands\Server\rewrite.php(47): require_once('C:\\Users\\Marketing\\Desktop\\Vue\\CI Prac\\Reservation\\reservationAPI\\public\\index.php')
CRITICAL - 2023-06-07 15:28:19 --> Cannot use object of type stdClass as array
in APPPATH\Controllers\Dashboard.php on line 17.
 1 [internal function]: App\Controllers\Dashboard->App\Controllers\{closure}(Object(stdClass))
 2 APPPATH\Controllers\Dashboard.php(18): array_filter([...], Object(Closure))
 3 SYSTEMPATH\CodeIgniter.php(934): App\Controllers\Dashboard->fetchRoomController()
 4 SYSTEMPATH\CodeIgniter.php(499): CodeIgniter\CodeIgniter->runController(Object(App\Controllers\Dashboard))
 5 SYSTEMPATH\CodeIgniter.php(368): CodeIgniter\CodeIgniter->handleRequest(null, Object(Config\Cache), false)
 6 FCPATH\index.php(67): CodeIgniter\CodeIgniter->run()
 7 SYSTEMPATH\Commands\Server\rewrite.php(47): require_once('C:\\Users\\Marketing\\Desktop\\Vue\\CI Prac\\Reservation\\reservationAPI\\public\\index.php')
CRITICAL - 2023-06-07 15:28:20 --> Cannot use object of type stdClass as array
in APPPATH\Controllers\Dashboard.php on line 17.
 1 [internal function]: App\Controllers\Dashboard->App\Controllers\{closure}(Object(stdClass))
 2 APPPATH\Controllers\Dashboard.php(18): array_filter([...], Object(Closure))
 3 SYSTEMPATH\CodeIgniter.php(934): App\Controllers\Dashboard->fetchRoomController()
 4 SYSTEMPATH\CodeIgniter.php(499): CodeIgniter\CodeIgniter->runController(Object(App\Controllers\Dashboard))
 5 SYSTEMPATH\CodeIgniter.php(368): CodeIgniter\CodeIgniter->handleRequest(null, Object(Config\Cache), false)
 6 FCPATH\index.php(67): CodeIgniter\CodeIgniter->run()
 7 SYSTEMPATH\Commands\Server\rewrite.php(47): require_once('C:\\Users\\Marketing\\Desktop\\Vue\\CI Prac\\Reservation\\reservationAPI\\public\\index.php')
CRITICAL - 2023-06-07 15:28:36 --> Cannot use object of type stdClass as array
in APPPATH\Controllers\Dashboard.php on line 17.
 1 [internal function]: App\Controllers\Dashboard->App\Controllers\{closure}(Object(stdClass))
 2 APPPATH\Controllers\Dashboard.php(18): array_filter([...], Object(Closure))
 3 SYSTEMPATH\CodeIgniter.php(934): App\Controllers\Dashboard->fetchRoomController()
 4 SYSTEMPATH\CodeIgniter.php(499): CodeIgniter\CodeIgniter->runController(Object(App\Controllers\Dashboard))
 5 SYSTEMPATH\CodeIgniter.php(368): CodeIgniter\CodeIgniter->handleRequest(null, Object(Config\Cache), false)
 6 FCPATH\index.php(67): CodeIgniter\CodeIgniter->run()
 7 SYSTEMPATH\Commands\Server\rewrite.php(47): require_once('C:\\Users\\Marketing\\Desktop\\Vue\\CI Prac\\Reservation\\reservationAPI\\public\\index.php')
CRITICAL - 2023-06-07 15:28:36 --> Cannot use object of type stdClass as array
in APPPATH\Controllers\Dashboard.php on line 17.
 1 [internal function]: App\Controllers\Dashboard->App\Controllers\{closure}(Object(stdClass))
 2 APPPATH\Controllers\Dashboard.php(18): array_filter([...], Object(Closure))
 3 SYSTEMPATH\CodeIgniter.php(934): App\Controllers\Dashboard->fetchRoomController()
 4 SYSTEMPATH\CodeIgniter.php(499): CodeIgniter\CodeIgniter->runController(Object(App\Controllers\Dashboard))
 5 SYSTEMPATH\CodeIgniter.php(368): CodeIgniter\CodeIgniter->handleRequest(null, Object(Config\Cache), false)
 6 FCPATH\index.php(67): CodeIgniter\CodeIgniter->run()
 7 SYSTEMPATH\Commands\Server\rewrite.php(47): require_once('C:\\Users\\Marketing\\Desktop\\Vue\\CI Prac\\Reservation\\reservationAPI\\public\\index.php')
CRITICAL - 2023-06-07 15:28:37 --> Cannot use object of type stdClass as array
in APPPATH\Controllers\Dashboard.php on line 17.
 1 [internal function]: App\Controllers\Dashboard->App\Controllers\{closure}(Object(stdClass))
 2 APPPATH\Controllers\Dashboard.php(18): array_filter([...], Object(Closure))
 3 SYSTEMPATH\CodeIgniter.php(934): App\Controllers\Dashboard->fetchRoomController()
 4 SYSTEMPATH\CodeIgniter.php(499): CodeIgniter\CodeIgniter->runController(Object(App\Controllers\Dashboard))
 5 SYSTEMPATH\CodeIgniter.php(368): CodeIgniter\CodeIgniter->handleRequest(null, Object(Config\Cache), false)
 6 FCPATH\index.php(67): CodeIgniter\CodeIgniter->run()
 7 SYSTEMPATH\Commands\Server\rewrite.php(47): require_once('C:\\Users\\Marketing\\Desktop\\Vue\\CI Prac\\Reservation\\reservationAPI\\public\\index.php')
CRITICAL - 2023-06-07 15:28:37 --> Cannot use object of type stdClass as array
in APPPATH\Controllers\Dashboard.php on line 17.
 1 [internal function]: App\Controllers\Dashboard->App\Controllers\{closure}(Object(stdClass))
 2 APPPATH\Controllers\Dashboard.php(18): array_filter([...], Object(Closure))
 3 SYSTEMPATH\CodeIgniter.php(934): App\Controllers\Dashboard->fetchRoomController()
 4 SYSTEMPATH\CodeIgniter.php(499): CodeIgniter\CodeIgniter->runController(Object(App\Controllers\Dashboard))
 5 SYSTEMPATH\CodeIgniter.php(368): CodeIgniter\CodeIgniter->handleRequest(null, Object(Config\Cache), false)
 6 FCPATH\index.php(67): CodeIgniter\CodeIgniter->run()
 7 SYSTEMPATH\Commands\Server\rewrite.php(47): require_once('C:\\Users\\Marketing\\Desktop\\Vue\\CI Prac\\Reservation\\reservationAPI\\public\\index.php')
CRITICAL - 2023-06-07 15:28:53 --> Cannot use object of type stdClass as array
in APPPATH\Controllers\Dashboard.php on line 17.
 1 [internal function]: App\Controllers\Dashboard->App\Controllers\{closure}(Object(stdClass))
 2 APPPATH\Controllers\Dashboard.php(18): array_filter([...], Object(Closure))
 3 SYSTEMPATH\CodeIgniter.php(934): App\Controllers\Dashboard->fetchRoomController()
 4 SYSTEMPATH\CodeIgniter.php(499): CodeIgniter\CodeIgniter->runController(Object(App\Controllers\Dashboard))
 5 SYSTEMPATH\CodeIgniter.php(368): CodeIgniter\CodeIgniter->handleRequest(null, Object(Config\Cache), false)
 6 FCPATH\index.php(67): CodeIgniter\CodeIgniter->run()
 7 SYSTEMPATH\Commands\Server\rewrite.php(47): require_once('C:\\Users\\Marketing\\Desktop\\Vue\\CI Prac\\Reservation\\reservationAPI\\public\\index.php')
CRITICAL - 2023-06-07 15:28:53 --> Cannot use object of type stdClass as array
in APPPATH\Controllers\Dashboard.php on line 17.
 1 [internal function]: App\Controllers\Dashboard->App\Controllers\{closure}(Object(stdClass))
 2 APPPATH\Controllers\Dashboard.php(18): array_filter([...], Object(Closure))
 3 SYSTEMPATH\CodeIgniter.php(934): App\Controllers\Dashboard->fetchRoomController()
 4 SYSTEMPATH\CodeIgniter.php(499): CodeIgniter\CodeIgniter->runController(Object(App\Controllers\Dashboard))
 5 SYSTEMPATH\CodeIgniter.php(368): CodeIgniter\CodeIgniter->handleRequest(null, Object(Config\Cache), false)
 6 FCPATH\index.php(67): CodeIgniter\CodeIgniter->run()
 7 SYSTEMPATH\Commands\Server\rewrite.php(47): require_once('C:\\Users\\Marketing\\Desktop\\Vue\\CI Prac\\Reservation\\reservationAPI\\public\\index.php')
CRITICAL - 2023-06-07 15:29:50 --> Cannot use object of type stdClass as array
in APPPATH\Controllers\Dashboard.php on line 17.
 1 [internal function]: App\Controllers\Dashboard->App\Controllers\{closure}(Object(stdClass))
 2 APPPATH\Controllers\Dashboard.php(18): array_filter([...], Object(Closure))
 3 SYSTEMPATH\CodeIgniter.php(934): App\Controllers\Dashboard->fetchRoomController()
 4 SYSTEMPATH\CodeIgniter.php(499): CodeIgniter\CodeIgniter->runController(Object(App\Controllers\Dashboard))
 5 SYSTEMPATH\CodeIgniter.php(368): CodeIgniter\CodeIgniter->handleRequest(null, Object(Config\Cache), false)
 6 FCPATH\index.php(67): CodeIgniter\CodeIgniter->run()
 7 SYSTEMPATH\Commands\Server\rewrite.php(47): require_once('C:\\Users\\Marketing\\Desktop\\Vue\\CI Prac\\Reservation\\reservationAPI\\public\\index.php')
CRITICAL - 2023-06-07 15:29:50 --> Cannot use object of type stdClass as array
in APPPATH\Controllers\Dashboard.php on line 17.
 1 [internal function]: App\Controllers\Dashboard->App\Controllers\{closure}(Object(stdClass))
 2 APPPATH\Controllers\Dashboard.php(18): array_filter([...], Object(Closure))
 3 SYSTEMPATH\CodeIgniter.php(934): App\Controllers\Dashboard->fetchRoomController()
 4 SYSTEMPATH\CodeIgniter.php(499): CodeIgniter\CodeIgniter->runController(Object(App\Controllers\Dashboard))
 5 SYSTEMPATH\CodeIgniter.php(368): CodeIgniter\CodeIgniter->handleRequest(null, Object(Config\Cache), false)
 6 FCPATH\index.php(67): CodeIgniter\CodeIgniter->run()
 7 SYSTEMPATH\Commands\Server\rewrite.php(47): require_once('C:\\Users\\Marketing\\Desktop\\Vue\\CI Prac\\Reservation\\reservationAPI\\public\\index.php')
CRITICAL - 2023-06-07 15:44:48 --> Call to a member function getRow() on array
in APPPATH\Controllers\Dashboard.php on line 16.
 1 SYSTEMPATH\CodeIgniter.php(934): App\Controllers\Dashboard->fetchRoomController()
 2 SYSTEMPATH\CodeIgniter.php(499): CodeIgniter\CodeIgniter->runController(Object(App\Controllers\Dashboard))
 3 SYSTEMPATH\CodeIgniter.php(368): CodeIgniter\CodeIgniter->handleRequest(null, Object(Config\Cache), false)
 4 FCPATH\index.php(67): CodeIgniter\CodeIgniter->run()
 5 SYSTEMPATH\Commands\Server\rewrite.php(47): require_once('C:\\Users\\Marketing\\Desktop\\Vue\\CI Prac\\Reservation\\reservationAPI\\public\\index.php')
CRITICAL - 2023-06-07 15:44:48 --> Call to a member function getRow() on array
in APPPATH\Controllers\Dashboard.php on line 16.
 1 SYSTEMPATH\CodeIgniter.php(934): App\Controllers\Dashboard->fetchRoomController()
 2 SYSTEMPATH\CodeIgniter.php(499): CodeIgniter\CodeIgniter->runController(Object(App\Controllers\Dashboard))
 3 SYSTEMPATH\CodeIgniter.php(368): CodeIgniter\CodeIgniter->handleRequest(null, Object(Config\Cache), false)
 4 FCPATH\index.php(67): CodeIgniter\CodeIgniter->run()
 5 SYSTEMPATH\Commands\Server\rewrite.php(47): require_once('C:\\Users\\Marketing\\Desktop\\Vue\\CI Prac\\Reservation\\reservationAPI\\public\\index.php')
CRITICAL - 2023-06-07 15:45:09 --> Call to a member function getRow() on array
in APPPATH\Controllers\Dashboard.php on line 16.
 1 SYSTEMPATH\CodeIgniter.php(934): App\Controllers\Dashboard->fetchRoomController()
 2 SYSTEMPATH\CodeIgniter.php(499): CodeIgniter\CodeIgniter->runController(Object(App\Controllers\Dashboard))
 3 SYSTEMPATH\CodeIgniter.php(368): CodeIgniter\CodeIgniter->handleRequest(null, Object(Config\Cache), false)
 4 FCPATH\index.php(67): CodeIgniter\CodeIgniter->run()
 5 SYSTEMPATH\Commands\Server\rewrite.php(47): require_once('C:\\Users\\Marketing\\Desktop\\Vue\\CI Prac\\Reservation\\reservationAPI\\public\\index.php')
CRITICAL - 2023-06-07 15:45:09 --> Call to a member function getRow() on array
in APPPATH\Controllers\Dashboard.php on line 16.
 1 SYSTEMPATH\CodeIgniter.php(934): App\Controllers\Dashboard->fetchRoomController()
 2 SYSTEMPATH\CodeIgniter.php(499): CodeIgniter\CodeIgniter->runController(Object(App\Controllers\Dashboard))
 3 SYSTEMPATH\CodeIgniter.php(368): CodeIgniter\CodeIgniter->handleRequest(null, Object(Config\Cache), false)
 4 FCPATH\index.php(67): CodeIgniter\CodeIgniter->run()
 5 SYSTEMPATH\Commands\Server\rewrite.php(47): require_once('C:\\Users\\Marketing\\Desktop\\Vue\\CI Prac\\Reservation\\reservationAPI\\public\\index.php')
CRITICAL - 2023-06-07 15:45:10 --> Call to a member function getRow() on array
in APPPATH\Controllers\Dashboard.php on line 16.
 1 SYSTEMPATH\CodeIgniter.php(934): App\Controllers\Dashboard->fetchRoomController()
 2 SYSTEMPATH\CodeIgniter.php(499): CodeIgniter\CodeIgniter->runController(Object(App\Controllers\Dashboard))
 3 SYSTEMPATH\CodeIgniter.php(368): CodeIgniter\CodeIgniter->handleRequest(null, Object(Config\Cache), false)
 4 FCPATH\index.php(67): CodeIgniter\CodeIgniter->run()
 5 SYSTEMPATH\Commands\Server\rewrite.php(47): require_once('C:\\Users\\Marketing\\Desktop\\Vue\\CI Prac\\Reservation\\reservationAPI\\public\\index.php')
CRITICAL - 2023-06-07 15:45:10 --> Call to a member function getRow() on array
in APPPATH\Controllers\Dashboard.php on line 16.
 1 SYSTEMPATH\CodeIgniter.php(934): App\Controllers\Dashboard->fetchRoomController()
 2 SYSTEMPATH\CodeIgniter.php(499): CodeIgniter\CodeIgniter->runController(Object(App\Controllers\Dashboard))
 3 SYSTEMPATH\CodeIgniter.php(368): CodeIgniter\CodeIgniter->handleRequest(null, Object(Config\Cache), false)
 4 FCPATH\index.php(67): CodeIgniter\CodeIgniter->run()
 5 SYSTEMPATH\Commands\Server\rewrite.php(47): require_once('C:\\Users\\Marketing\\Desktop\\Vue\\CI Prac\\Reservation\\reservationAPI\\public\\index.php')
