ERROR - 2023-06-08 14:07:38 --> Error connecting to the database: mysqli_sql_exception: No connection could be made because the target machine actively refused it.
 in C:\Users\Marketing\Desktop\Vue\CI Prac\Reservation\reservationAPI\system\Database\MySQLi\Connection.php:174
Stack trace:
#0 C:\Users\Marketing\Desktop\Vue\CI Prac\Reservation\reservationAPI\system\Database\MySQLi\Connection.php(174): mysqli->real_connect('localhost', 'root', '', 'reservation_db', 3306, '', 0)
#1 C:\Users\Marketing\Desktop\Vue\CI Prac\Reservation\reservationAPI\system\Database\BaseConnection.php(391): CodeIgniter\Database\MySQLi\Connection->connect(false)
#2 C:\Users\Marketing\Desktop\Vue\CI Prac\Reservation\reservationAPI\system\Database\BaseConnection.php(574): CodeIgniter\Database\BaseConnection->initialize()
#3 C:\Users\Marketing\Desktop\Vue\CI Prac\Reservation\reservationAPI\system\Database\BaseBuilder.php(1616): CodeIgniter\Database\BaseConnection->query('SELECT *\nFROM `...', Array, false)
#4 C:\Users\Marketing\Desktop\Vue\CI Prac\Reservation\reservationAPI\app\Models\HomeModel.php(21): CodeIgniter\Database\BaseBuilder->get()
#5 C:\Users\Marketing\Desktop\Vue\CI Prac\Reservation\reservationAPI\app\Controllers\Home.php(14): App\Models\HomeModel->fetchRoom()
#6 C:\Users\Marketing\Desktop\Vue\CI Prac\Reservation\reservationAPI\system\CodeIgniter.php(934): App\Controllers\Home->index()
#7 C:\Users\Marketing\Desktop\Vue\CI Prac\Reservation\reservationAPI\system\CodeIgniter.php(499): CodeIgniter\CodeIgniter->runController(Object(App\Controllers\Home))
#8 C:\Users\Marketing\Desktop\Vue\CI Prac\Reservation\reservationAPI\system\CodeIgniter.php(368): CodeIgniter\CodeIgniter->handleRequest(NULL, Object(Config\Cache), false)
#9 C:\Users\Marketing\Desktop\Vue\CI Prac\Reservation\reservationAPI\public\index.php(67): CodeIgniter\CodeIgniter->run()
#10 C:\Users\Marketing\Desktop\Vue\CI Prac\Reservation\reservationAPI\system\Commands\Server\rewrite.php(47): require_once('C:\\Users\\Market...')
#11 {main}

Next CodeIgniter\Database\Exceptions\DatabaseException: No connection could be made because the target machine actively refused it.
 in C:\Users\Marketing\Desktop\Vue\CI Prac\Reservation\reservationAPI\system\Database\MySQLi\Connection.php:218
Stack trace:
#0 C:\Users\Marketing\Desktop\Vue\CI Prac\Reservation\reservationAPI\system\Database\BaseConnection.php(391): CodeIgniter\Database\MySQLi\Connection->connect(false)
#1 C:\Users\Marketing\Desktop\Vue\CI Prac\Reservation\reservationAPI\system\Database\BaseConnection.php(574): CodeIgniter\Database\BaseConnection->initialize()
#2 C:\Users\Marketing\Desktop\Vue\CI Prac\Reservation\reservationAPI\system\Database\BaseBuilder.php(1616): CodeIgniter\Database\BaseConnection->query('SELECT *\nFROM `...', Array, false)
#3 C:\Users\Marketing\Desktop\Vue\CI Prac\Reservation\reservationAPI\app\Models\HomeModel.php(21): CodeIgniter\Database\BaseBuilder->get()
#4 C:\Users\Marketing\Desktop\Vue\CI Prac\Reservation\reservationAPI\app\Controllers\Home.php(14): App\Models\HomeModel->fetchRoom()
#5 C:\Users\Marketing\Desktop\Vue\CI Prac\Reservation\reservationAPI\system\CodeIgniter.php(934): App\Controllers\Home->index()
#6 C:\Users\Marketing\Desktop\Vue\CI Prac\Reservation\reservationAPI\system\CodeIgniter.php(499): CodeIgniter\CodeIgniter->runController(Object(App\Controllers\Home))
#7 C:\Users\Marketing\Desktop\Vue\CI Prac\Reservation\reservationAPI\system\CodeIgniter.php(368): CodeIgniter\CodeIgniter->handleRequest(NULL, Object(Config\Cache), false)
#8 C:\Users\Marketing\Desktop\Vue\CI Prac\Reservation\reservationAPI\public\index.php(67): CodeIgniter\CodeIgniter->run()
#9 C:\Users\Marketing\Desktop\Vue\CI Prac\Reservation\reservationAPI\system\Commands\Server\rewrite.php(47): require_once('C:\\Users\\Market...')
#10 {main}
CRITICAL - 2023-06-08 14:07:38 --> Unable to connect to the database.
Main connection [MySQLi]: No connection could be made because the target machine actively refused it.

in SYSTEMPATH\Database\BaseConnection.php on line 427.
 1 SYSTEMPATH\Database\BaseConnection.php(574): CodeIgniter\Database\BaseConnection->initialize()
 2 SYSTEMPATH\Database\BaseBuilder.php(1616): CodeIgniter\Database\BaseConnection->query('SELECT *
FROM `room_type`', [], false)
 3 APPPATH\Models\HomeModel.php(21): CodeIgniter\Database\BaseBuilder->get()
 4 APPPATH\Controllers\Home.php(14): App\Models\HomeModel->fetchRoom()
 5 SYSTEMPATH\CodeIgniter.php(934): App\Controllers\Home->index()
 6 SYSTEMPATH\CodeIgniter.php(499): CodeIgniter\CodeIgniter->runController(Object(App\Controllers\Home))
 7 SYSTEMPATH\CodeIgniter.php(368): CodeIgniter\CodeIgniter->handleRequest(null, Object(Config\Cache), false)
 8 FCPATH\index.php(67): CodeIgniter\CodeIgniter->run()
 9 SYSTEMPATH\Commands\Server\rewrite.php(47): require_once('C:\\Users\\Marketing\\Desktop\\Vue\\CI Prac\\Reservation\\reservationAPI\\public\\index.php')
ERROR - 2023-06-08 14:07:48 --> Error connecting to the database: mysqli_sql_exception: No connection could be made because the target machine actively refused it.
 in C:\Users\Marketing\Desktop\Vue\CI Prac\Reservation\reservationAPI\system\Database\MySQLi\Connection.php:174
Stack trace:
#0 C:\Users\Marketing\Desktop\Vue\CI Prac\Reservation\reservationAPI\system\Database\MySQLi\Connection.php(174): mysqli->real_connect('localhost', 'root', '', 'reservation_db', 3306, '', 0)
#1 C:\Users\Marketing\Desktop\Vue\CI Prac\Reservation\reservationAPI\system\Database\BaseConnection.php(391): CodeIgniter\Database\MySQLi\Connection->connect(false)
#2 C:\Users\Marketing\Desktop\Vue\CI Prac\Reservation\reservationAPI\system\Database\BaseConnection.php(574): CodeIgniter\Database\BaseConnection->initialize()
#3 C:\Users\Marketing\Desktop\Vue\CI Prac\Reservation\reservationAPI\system\Database\BaseBuilder.php(1616): CodeIgniter\Database\BaseConnection->query('SELECT *\nFROM `...', Array, false)
#4 C:\Users\Marketing\Desktop\Vue\CI Prac\Reservation\reservationAPI\app\Models\HomeModel.php(21): CodeIgniter\Database\BaseBuilder->get()
#5 C:\Users\Marketing\Desktop\Vue\CI Prac\Reservation\reservationAPI\app\Controllers\Home.php(14): App\Models\HomeModel->fetchRoom()
#6 C:\Users\Marketing\Desktop\Vue\CI Prac\Reservation\reservationAPI\system\CodeIgniter.php(934): App\Controllers\Home->index()
#7 C:\Users\Marketing\Desktop\Vue\CI Prac\Reservation\reservationAPI\system\CodeIgniter.php(499): CodeIgniter\CodeIgniter->runController(Object(App\Controllers\Home))
#8 C:\Users\Marketing\Desktop\Vue\CI Prac\Reservation\reservationAPI\system\CodeIgniter.php(368): CodeIgniter\CodeIgniter->handleRequest(NULL, Object(Config\Cache), false)
#9 C:\Users\Marketing\Desktop\Vue\CI Prac\Reservation\reservationAPI\public\index.php(67): CodeIgniter\CodeIgniter->run()
#10 C:\Users\Marketing\Desktop\Vue\CI Prac\Reservation\reservationAPI\system\Commands\Server\rewrite.php(47): require_once('C:\\Users\\Market...')
#11 {main}

Next CodeIgniter\Database\Exceptions\DatabaseException: No connection could be made because the target machine actively refused it.
 in C:\Users\Marketing\Desktop\Vue\CI Prac\Reservation\reservationAPI\system\Database\MySQLi\Connection.php:218
Stack trace:
#0 C:\Users\Marketing\Desktop\Vue\CI Prac\Reservation\reservationAPI\system\Database\BaseConnection.php(391): CodeIgniter\Database\MySQLi\Connection->connect(false)
#1 C:\Users\Marketing\Desktop\Vue\CI Prac\Reservation\reservationAPI\system\Database\BaseConnection.php(574): CodeIgniter\Database\BaseConnection->initialize()
#2 C:\Users\Marketing\Desktop\Vue\CI Prac\Reservation\reservationAPI\system\Database\BaseBuilder.php(1616): CodeIgniter\Database\BaseConnection->query('SELECT *\nFROM `...', Array, false)
#3 C:\Users\Marketing\Desktop\Vue\CI Prac\Reservation\reservationAPI\app\Models\HomeModel.php(21): CodeIgniter\Database\BaseBuilder->get()
#4 C:\Users\Marketing\Desktop\Vue\CI Prac\Reservation\reservationAPI\app\Controllers\Home.php(14): App\Models\HomeModel->fetchRoom()
#5 C:\Users\Marketing\Desktop\Vue\CI Prac\Reservation\reservationAPI\system\CodeIgniter.php(934): App\Controllers\Home->index()
#6 C:\Users\Marketing\Desktop\Vue\CI Prac\Reservation\reservationAPI\system\CodeIgniter.php(499): CodeIgniter\CodeIgniter->runController(Object(App\Controllers\Home))
#7 C:\Users\Marketing\Desktop\Vue\CI Prac\Reservation\reservationAPI\system\CodeIgniter.php(368): CodeIgniter\CodeIgniter->handleRequest(NULL, Object(Config\Cache), false)
#8 C:\Users\Marketing\Desktop\Vue\CI Prac\Reservation\reservationAPI\public\index.php(67): CodeIgniter\CodeIgniter->run()
#9 C:\Users\Marketing\Desktop\Vue\CI Prac\Reservation\reservationAPI\system\Commands\Server\rewrite.php(47): require_once('C:\\Users\\Market...')
#10 {main}
CRITICAL - 2023-06-08 14:07:48 --> Unable to connect to the database.
Main connection [MySQLi]: No connection could be made because the target machine actively refused it.

in SYSTEMPATH\Database\BaseConnection.php on line 427.
 1 SYSTEMPATH\Database\BaseConnection.php(574): CodeIgniter\Database\BaseConnection->initialize()
 2 SYSTEMPATH\Database\BaseBuilder.php(1616): CodeIgniter\Database\BaseConnection->query('SELECT *
FROM `room_type`', [], false)
 3 APPPATH\Models\HomeModel.php(21): CodeIgniter\Database\BaseBuilder->get()
 4 APPPATH\Controllers\Home.php(14): App\Models\HomeModel->fetchRoom()
 5 SYSTEMPATH\CodeIgniter.php(934): App\Controllers\Home->index()
 6 SYSTEMPATH\CodeIgniter.php(499): CodeIgniter\CodeIgniter->runController(Object(App\Controllers\Home))
 7 SYSTEMPATH\CodeIgniter.php(368): CodeIgniter\CodeIgniter->handleRequest(null, Object(Config\Cache), false)
 8 FCPATH\index.php(67): CodeIgniter\CodeIgniter->run()
 9 SYSTEMPATH\Commands\Server\rewrite.php(47): require_once('C:\\Users\\Marketing\\Desktop\\Vue\\CI Prac\\Reservation\\reservationAPI\\public\\index.php')
ERROR - 2023-06-08 14:08:02 --> Error connecting to the database: mysqli_sql_exception: No connection could be made because the target machine actively refused it.
 in C:\Users\Marketing\Desktop\Vue\CI Prac\Reservation\reservationAPI\system\Database\MySQLi\Connection.php:174
Stack trace:
#0 C:\Users\Marketing\Desktop\Vue\CI Prac\Reservation\reservationAPI\system\Database\MySQLi\Connection.php(174): mysqli->real_connect('localhost', 'root', '', 'reservation_db', 3306, '', 0)
#1 C:\Users\Marketing\Desktop\Vue\CI Prac\Reservation\reservationAPI\system\Database\BaseConnection.php(391): CodeIgniter\Database\MySQLi\Connection->connect(false)
#2 C:\Users\Marketing\Desktop\Vue\CI Prac\Reservation\reservationAPI\system\Database\BaseConnection.php(574): CodeIgniter\Database\BaseConnection->initialize()
#3 C:\Users\Marketing\Desktop\Vue\CI Prac\Reservation\reservationAPI\system\Database\BaseBuilder.php(1616): CodeIgniter\Database\BaseConnection->query('SELECT *\nFROM `...', Array, false)
#4 C:\Users\Marketing\Desktop\Vue\CI Prac\Reservation\reservationAPI\app\Models\HomeModel.php(21): CodeIgniter\Database\BaseBuilder->get()
#5 C:\Users\Marketing\Desktop\Vue\CI Prac\Reservation\reservationAPI\app\Controllers\Home.php(14): App\Models\HomeModel->fetchRoom()
#6 C:\Users\Marketing\Desktop\Vue\CI Prac\Reservation\reservationAPI\system\CodeIgniter.php(934): App\Controllers\Home->index()
#7 C:\Users\Marketing\Desktop\Vue\CI Prac\Reservation\reservationAPI\system\CodeIgniter.php(499): CodeIgniter\CodeIgniter->runController(Object(App\Controllers\Home))
#8 C:\Users\Marketing\Desktop\Vue\CI Prac\Reservation\reservationAPI\system\CodeIgniter.php(368): CodeIgniter\CodeIgniter->handleRequest(NULL, Object(Config\Cache), false)
#9 C:\Users\Marketing\Desktop\Vue\CI Prac\Reservation\reservationAPI\public\index.php(67): CodeIgniter\CodeIgniter->run()
#10 C:\Users\Marketing\Desktop\Vue\CI Prac\Reservation\reservationAPI\system\Commands\Server\rewrite.php(47): require_once('C:\\Users\\Market...')
#11 {main}

Next CodeIgniter\Database\Exceptions\DatabaseException: No connection could be made because the target machine actively refused it.
 in C:\Users\Marketing\Desktop\Vue\CI Prac\Reservation\reservationAPI\system\Database\MySQLi\Connection.php:218
Stack trace:
#0 C:\Users\Marketing\Desktop\Vue\CI Prac\Reservation\reservationAPI\system\Database\BaseConnection.php(391): CodeIgniter\Database\MySQLi\Connection->connect(false)
#1 C:\Users\Marketing\Desktop\Vue\CI Prac\Reservation\reservationAPI\system\Database\BaseConnection.php(574): CodeIgniter\Database\BaseConnection->initialize()
#2 C:\Users\Marketing\Desktop\Vue\CI Prac\Reservation\reservationAPI\system\Database\BaseBuilder.php(1616): CodeIgniter\Database\BaseConnection->query('SELECT *\nFROM `...', Array, false)
#3 C:\Users\Marketing\Desktop\Vue\CI Prac\Reservation\reservationAPI\app\Models\HomeModel.php(21): CodeIgniter\Database\BaseBuilder->get()
#4 C:\Users\Marketing\Desktop\Vue\CI Prac\Reservation\reservationAPI\app\Controllers\Home.php(14): App\Models\HomeModel->fetchRoom()
#5 C:\Users\Marketing\Desktop\Vue\CI Prac\Reservation\reservationAPI\system\CodeIgniter.php(934): App\Controllers\Home->index()
#6 C:\Users\Marketing\Desktop\Vue\CI Prac\Reservation\reservationAPI\system\CodeIgniter.php(499): CodeIgniter\CodeIgniter->runController(Object(App\Controllers\Home))
#7 C:\Users\Marketing\Desktop\Vue\CI Prac\Reservation\reservationAPI\system\CodeIgniter.php(368): CodeIgniter\CodeIgniter->handleRequest(NULL, Object(Config\Cache), false)
#8 C:\Users\Marketing\Desktop\Vue\CI Prac\Reservation\reservationAPI\public\index.php(67): CodeIgniter\CodeIgniter->run()
#9 C:\Users\Marketing\Desktop\Vue\CI Prac\Reservation\reservationAPI\system\Commands\Server\rewrite.php(47): require_once('C:\\Users\\Market...')
#10 {main}
CRITICAL - 2023-06-08 14:08:02 --> Unable to connect to the database.
Main connection [MySQLi]: No connection could be made because the target machine actively refused it.

in SYSTEMPATH\Database\BaseConnection.php on line 427.
 1 SYSTEMPATH\Database\BaseConnection.php(574): CodeIgniter\Database\BaseConnection->initialize()
 2 SYSTEMPATH\Database\BaseBuilder.php(1616): CodeIgniter\Database\BaseConnection->query('SELECT *
FROM `room_type`', [], false)
 3 APPPATH\Models\HomeModel.php(21): CodeIgniter\Database\BaseBuilder->get()
 4 APPPATH\Controllers\Home.php(14): App\Models\HomeModel->fetchRoom()
 5 SYSTEMPATH\CodeIgniter.php(934): App\Controllers\Home->index()
 6 SYSTEMPATH\CodeIgniter.php(499): CodeIgniter\CodeIgniter->runController(Object(App\Controllers\Home))
 7 SYSTEMPATH\CodeIgniter.php(368): CodeIgniter\CodeIgniter->handleRequest(null, Object(Config\Cache), false)
 8 FCPATH\index.php(67): CodeIgniter\CodeIgniter->run()
 9 SYSTEMPATH\Commands\Server\rewrite.php(47): require_once('C:\\Users\\Marketing\\Desktop\\Vue\\CI Prac\\Reservation\\reservationAPI\\public\\index.php')
ERROR - 2023-06-08 14:08:06 --> Error connecting to the database: mysqli_sql_exception: No connection could be made because the target machine actively refused it.
 in C:\Users\Marketing\Desktop\Vue\CI Prac\Reservation\reservationAPI\system\Database\MySQLi\Connection.php:174
Stack trace:
#0 C:\Users\Marketing\Desktop\Vue\CI Prac\Reservation\reservationAPI\system\Database\MySQLi\Connection.php(174): mysqli->real_connect('localhost', 'root', '', 'reservation_db', 3306, '', 0)
#1 C:\Users\Marketing\Desktop\Vue\CI Prac\Reservation\reservationAPI\system\Database\BaseConnection.php(391): CodeIgniter\Database\MySQLi\Connection->connect(false)
#2 C:\Users\Marketing\Desktop\Vue\CI Prac\Reservation\reservationAPI\system\Database\BaseConnection.php(574): CodeIgniter\Database\BaseConnection->initialize()
#3 C:\Users\Marketing\Desktop\Vue\CI Prac\Reservation\reservationAPI\system\Database\BaseBuilder.php(1616): CodeIgniter\Database\BaseConnection->query('SELECT *\nFROM `...', Array, false)
#4 C:\Users\Marketing\Desktop\Vue\CI Prac\Reservation\reservationAPI\app\Models\HomeModel.php(21): CodeIgniter\Database\BaseBuilder->get()
#5 C:\Users\Marketing\Desktop\Vue\CI Prac\Reservation\reservationAPI\app\Controllers\Home.php(14): App\Models\HomeModel->fetchRoom()
#6 C:\Users\Marketing\Desktop\Vue\CI Prac\Reservation\reservationAPI\system\CodeIgniter.php(934): App\Controllers\Home->index()
#7 C:\Users\Marketing\Desktop\Vue\CI Prac\Reservation\reservationAPI\system\CodeIgniter.php(499): CodeIgniter\CodeIgniter->runController(Object(App\Controllers\Home))
#8 C:\Users\Marketing\Desktop\Vue\CI Prac\Reservation\reservationAPI\system\CodeIgniter.php(368): CodeIgniter\CodeIgniter->handleRequest(NULL, Object(Config\Cache), false)
#9 C:\Users\Marketing\Desktop\Vue\CI Prac\Reservation\reservationAPI\public\index.php(67): CodeIgniter\CodeIgniter->run()
#10 C:\Users\Marketing\Desktop\Vue\CI Prac\Reservation\reservationAPI\system\Commands\Server\rewrite.php(47): require_once('C:\\Users\\Market...')
#11 {main}

Next CodeIgniter\Database\Exceptions\DatabaseException: No connection could be made because the target machine actively refused it.
 in C:\Users\Marketing\Desktop\Vue\CI Prac\Reservation\reservationAPI\system\Database\MySQLi\Connection.php:218
Stack trace:
#0 C:\Users\Marketing\Desktop\Vue\CI Prac\Reservation\reservationAPI\system\Database\BaseConnection.php(391): CodeIgniter\Database\MySQLi\Connection->connect(false)
#1 C:\Users\Marketing\Desktop\Vue\CI Prac\Reservation\reservationAPI\system\Database\BaseConnection.php(574): CodeIgniter\Database\BaseConnection->initialize()
#2 C:\Users\Marketing\Desktop\Vue\CI Prac\Reservation\reservationAPI\system\Database\BaseBuilder.php(1616): CodeIgniter\Database\BaseConnection->query('SELECT *\nFROM `...', Array, false)
#3 C:\Users\Marketing\Desktop\Vue\CI Prac\Reservation\reservationAPI\app\Models\HomeModel.php(21): CodeIgniter\Database\BaseBuilder->get()
#4 C:\Users\Marketing\Desktop\Vue\CI Prac\Reservation\reservationAPI\app\Controllers\Home.php(14): App\Models\HomeModel->fetchRoom()
#5 C:\Users\Marketing\Desktop\Vue\CI Prac\Reservation\reservationAPI\system\CodeIgniter.php(934): App\Controllers\Home->index()
#6 C:\Users\Marketing\Desktop\Vue\CI Prac\Reservation\reservationAPI\system\CodeIgniter.php(499): CodeIgniter\CodeIgniter->runController(Object(App\Controllers\Home))
#7 C:\Users\Marketing\Desktop\Vue\CI Prac\Reservation\reservationAPI\system\CodeIgniter.php(368): CodeIgniter\CodeIgniter->handleRequest(NULL, Object(Config\Cache), false)
#8 C:\Users\Marketing\Desktop\Vue\CI Prac\Reservation\reservationAPI\public\index.php(67): CodeIgniter\CodeIgniter->run()
#9 C:\Users\Marketing\Desktop\Vue\CI Prac\Reservation\reservationAPI\system\Commands\Server\rewrite.php(47): require_once('C:\\Users\\Market...')
#10 {main}
CRITICAL - 2023-06-08 14:08:06 --> Unable to connect to the database.
Main connection [MySQLi]: No connection could be made because the target machine actively refused it.

in SYSTEMPATH\Database\BaseConnection.php on line 427.
 1 SYSTEMPATH\Database\BaseConnection.php(574): CodeIgniter\Database\BaseConnection->initialize()
 2 SYSTEMPATH\Database\BaseBuilder.php(1616): CodeIgniter\Database\BaseConnection->query('SELECT *
FROM `room_type`', [], false)
 3 APPPATH\Models\HomeModel.php(21): CodeIgniter\Database\BaseBuilder->get()
 4 APPPATH\Controllers\Home.php(14): App\Models\HomeModel->fetchRoom()
 5 SYSTEMPATH\CodeIgniter.php(934): App\Controllers\Home->index()
 6 SYSTEMPATH\CodeIgniter.php(499): CodeIgniter\CodeIgniter->runController(Object(App\Controllers\Home))
 7 SYSTEMPATH\CodeIgniter.php(368): CodeIgniter\CodeIgniter->handleRequest(null, Object(Config\Cache), false)
 8 FCPATH\index.php(67): CodeIgniter\CodeIgniter->run()
 9 SYSTEMPATH\Commands\Server\rewrite.php(47): require_once('C:\\Users\\Marketing\\Desktop\\Vue\\CI Prac\\Reservation\\reservationAPI\\public\\index.php')
ERROR - 2023-06-08 14:09:09 --> Error connecting to the database: ErrorException: mysqli::real_connect(): Error while reading greeting packet. PID=2984 in C:\Users\Marketing\Desktop\Vue\CI Prac\Reservation\reservationAPI\system\Database\MySQLi\Connection.php:174
Stack trace:
#0 [internal function]: CodeIgniter\Debug\Exceptions->errorHandler(2, 'mysqli::real_co...', 'C:\\Users\\Market...', 174, Array)
#1 C:\Users\Marketing\Desktop\Vue\CI Prac\Reservation\reservationAPI\system\Database\MySQLi\Connection.php(174): mysqli->real_connect('localhost', 'root', '', 'reservation_db', 3306, '', 0)
#2 C:\Users\Marketing\Desktop\Vue\CI Prac\Reservation\reservationAPI\system\Database\BaseConnection.php(391): CodeIgniter\Database\MySQLi\Connection->connect(false)
#3 C:\Users\Marketing\Desktop\Vue\CI Prac\Reservation\reservationAPI\system\Database\BaseConnection.php(574): CodeIgniter\Database\BaseConnection->initialize()
#4 C:\Users\Marketing\Desktop\Vue\CI Prac\Reservation\reservationAPI\system\Database\BaseBuilder.php(1616): CodeIgniter\Database\BaseConnection->query('SELECT *\nFROM `...', Array, false)
#5 C:\Users\Marketing\Desktop\Vue\CI Prac\Reservation\reservationAPI\app\Models\HomeModel.php(21): CodeIgniter\Database\BaseBuilder->get()
#6 C:\Users\Marketing\Desktop\Vue\CI Prac\Reservation\reservationAPI\app\Controllers\Home.php(14): App\Models\HomeModel->fetchRoom()
#7 C:\Users\Marketing\Desktop\Vue\CI Prac\Reservation\reservationAPI\system\CodeIgniter.php(934): App\Controllers\Home->index()
#8 C:\Users\Marketing\Desktop\Vue\CI Prac\Reservation\reservationAPI\system\CodeIgniter.php(499): CodeIgniter\CodeIgniter->runController(Object(App\Controllers\Home))
#9 C:\Users\Marketing\Desktop\Vue\CI Prac\Reservation\reservationAPI\system\CodeIgniter.php(368): CodeIgniter\CodeIgniter->handleRequest(NULL, Object(Config\Cache), false)
#10 C:\Users\Marketing\Desktop\Vue\CI Prac\Reservation\reservationAPI\public\index.php(67): CodeIgniter\CodeIgniter->run()
#11 C:\Users\Marketing\Desktop\Vue\CI Prac\Reservation\reservationAPI\system\Commands\Server\rewrite.php(47): require_once('C:\\Users\\Market...')
#12 {main}

Next mysqli_sql_exception: MySQL server has gone away in C:\Users\Marketing\Desktop\Vue\CI Prac\Reservation\reservationAPI\system\Database\MySQLi\Connection.php:174
Stack trace:
#0 C:\Users\Marketing\Desktop\Vue\CI Prac\Reservation\reservationAPI\system\Database\MySQLi\Connection.php(174): mysqli->real_connect('localhost', 'root', '', 'reservation_db', 3306, '', 0)
#1 C:\Users\Marketing\Desktop\Vue\CI Prac\Reservation\reservationAPI\system\Database\BaseConnection.php(391): CodeIgniter\Database\MySQLi\Connection->connect(false)
#2 C:\Users\Marketing\Desktop\Vue\CI Prac\Reservation\reservationAPI\system\Database\BaseConnection.php(574): CodeIgniter\Database\BaseConnection->initialize()
#3 C:\Users\Marketing\Desktop\Vue\CI Prac\Reservation\reservationAPI\system\Database\BaseBuilder.php(1616): CodeIgniter\Database\BaseConnection->query('SELECT *\nFROM `...', Array, false)
#4 C:\Users\Marketing\Desktop\Vue\CI Prac\Reservation\reservationAPI\app\Models\HomeModel.php(21): CodeIgniter\Database\BaseBuilder->get()
#5 C:\Users\Marketing\Desktop\Vue\CI Prac\Reservation\reservationAPI\app\Controllers\Home.php(14): App\Models\HomeModel->fetchRoom()
#6 C:\Users\Marketing\Desktop\Vue\CI Prac\Reservation\reservationAPI\system\CodeIgniter.php(934): App\Controllers\Home->index()
#7 C:\Users\Marketing\Desktop\Vue\CI Prac\Reservation\reservationAPI\system\CodeIgniter.php(499): CodeIgniter\CodeIgniter->runController(Object(App\Controllers\Home))
#8 C:\Users\Marketing\Desktop\Vue\CI Prac\Reservation\reservationAPI\system\CodeIgniter.php(368): CodeIgniter\CodeIgniter->handleRequest(NULL, Object(Config\Cache), false)
#9 C:\Users\Marketing\Desktop\Vue\CI Prac\Reservation\reservationAPI\public\index.php(67): CodeIgniter\CodeIgniter->run()
#10 C:\Users\Marketing\Desktop\Vue\CI Prac\Reservation\reservationAPI\system\Commands\Server\rewrite.php(47): require_once('C:\\Users\\Market...')
#11 {main}

Next CodeIgniter\Database\Exceptions\DatabaseException: MySQL server has gone away in C:\Users\Marketing\Desktop\Vue\CI Prac\Reservation\reservationAPI\system\Database\MySQLi\Connection.php:218
Stack trace:
#0 C:\Users\Marketing\Desktop\Vue\CI Prac\Reservation\reservationAPI\system\Database\BaseConnection.php(391): CodeIgniter\Database\MySQLi\Connection->connect(false)
#1 C:\Users\Marketing\Desktop\Vue\CI Prac\Reservation\reservationAPI\system\Database\BaseConnection.php(574): CodeIgniter\Database\BaseConnection->initialize()
#2 C:\Users\Marketing\Desktop\Vue\CI Prac\Reservation\reservationAPI\system\Database\BaseBuilder.php(1616): CodeIgniter\Database\BaseConnection->query('SELECT *\nFROM `...', Array, false)
#3 C:\Users\Marketing\Desktop\Vue\CI Prac\Reservation\reservationAPI\app\Models\HomeModel.php(21): CodeIgniter\Database\BaseBuilder->get()
#4 C:\Users\Marketing\Desktop\Vue\CI Prac\Reservation\reservationAPI\app\Controllers\Home.php(14): App\Models\HomeModel->fetchRoom()
#5 C:\Users\Marketing\Desktop\Vue\CI Prac\Reservation\reservationAPI\system\CodeIgniter.php(934): App\Controllers\Home->index()
#6 C:\Users\Marketing\Desktop\Vue\CI Prac\Reservation\reservationAPI\system\CodeIgniter.php(499): CodeIgniter\CodeIgniter->runController(Object(App\Controllers\Home))
#7 C:\Users\Marketing\Desktop\Vue\CI Prac\Reservation\reservationAPI\system\CodeIgniter.php(368): CodeIgniter\CodeIgniter->handleRequest(NULL, Object(Config\Cache), false)
#8 C:\Users\Marketing\Desktop\Vue\CI Prac\Reservation\reservationAPI\public\index.php(67): CodeIgniter\CodeIgniter->run()
#9 C:\Users\Marketing\Desktop\Vue\CI Prac\Reservation\reservationAPI\system\Commands\Server\rewrite.php(47): require_once('C:\\Users\\Market...')
#10 {main}
CRITICAL - 2023-06-08 14:09:09 --> Unable to connect to the database.
Main connection [MySQLi]: MySQL server has gone away
in SYSTEMPATH\Database\BaseConnection.php on line 427.
 1 SYSTEMPATH\Database\BaseConnection.php(574): CodeIgniter\Database\BaseConnection->initialize()
 2 SYSTEMPATH\Database\BaseBuilder.php(1616): CodeIgniter\Database\BaseConnection->query('SELECT *
FROM `room_type`', [], false)
 3 APPPATH\Models\HomeModel.php(21): CodeIgniter\Database\BaseBuilder->get()
 4 APPPATH\Controllers\Home.php(14): App\Models\HomeModel->fetchRoom()
 5 SYSTEMPATH\CodeIgniter.php(934): App\Controllers\Home->index()
 6 SYSTEMPATH\CodeIgniter.php(499): CodeIgniter\CodeIgniter->runController(Object(App\Controllers\Home))
 7 SYSTEMPATH\CodeIgniter.php(368): CodeIgniter\CodeIgniter->handleRequest(null, Object(Config\Cache), false)
 8 FCPATH\index.php(67): CodeIgniter\CodeIgniter->run()
 9 SYSTEMPATH\Commands\Server\rewrite.php(47): require_once('C:\\Users\\Marketing\\Desktop\\Vue\\CI Prac\\Reservation\\reservationAPI\\public\\index.php')
ERROR - 2023-06-08 14:09:20 --> Error connecting to the database: mysqli_sql_exception: No connection could be made because the target machine actively refused it.
 in C:\Users\Marketing\Desktop\Vue\CI Prac\Reservation\reservationAPI\system\Database\MySQLi\Connection.php:174
Stack trace:
#0 C:\Users\Marketing\Desktop\Vue\CI Prac\Reservation\reservationAPI\system\Database\MySQLi\Connection.php(174): mysqli->real_connect('localhost', 'root', '', 'reservation_db', 3306, '', 0)
#1 C:\Users\Marketing\Desktop\Vue\CI Prac\Reservation\reservationAPI\system\Database\BaseConnection.php(391): CodeIgniter\Database\MySQLi\Connection->connect(false)
#2 C:\Users\Marketing\Desktop\Vue\CI Prac\Reservation\reservationAPI\system\Database\BaseConnection.php(574): CodeIgniter\Database\BaseConnection->initialize()
#3 C:\Users\Marketing\Desktop\Vue\CI Prac\Reservation\reservationAPI\system\Database\BaseBuilder.php(1616): CodeIgniter\Database\BaseConnection->query('SELECT *\nFROM `...', Array, false)
#4 C:\Users\Marketing\Desktop\Vue\CI Prac\Reservation\reservationAPI\app\Models\HomeModel.php(21): CodeIgniter\Database\BaseBuilder->get()
#5 C:\Users\Marketing\Desktop\Vue\CI Prac\Reservation\reservationAPI\app\Controllers\Home.php(14): App\Models\HomeModel->fetchRoom()
#6 C:\Users\Marketing\Desktop\Vue\CI Prac\Reservation\reservationAPI\system\CodeIgniter.php(934): App\Controllers\Home->index()
#7 C:\Users\Marketing\Desktop\Vue\CI Prac\Reservation\reservationAPI\system\CodeIgniter.php(499): CodeIgniter\CodeIgniter->runController(Object(App\Controllers\Home))
#8 C:\Users\Marketing\Desktop\Vue\CI Prac\Reservation\reservationAPI\system\CodeIgniter.php(368): CodeIgniter\CodeIgniter->handleRequest(NULL, Object(Config\Cache), false)
#9 C:\Users\Marketing\Desktop\Vue\CI Prac\Reservation\reservationAPI\public\index.php(67): CodeIgniter\CodeIgniter->run()
#10 C:\Users\Marketing\Desktop\Vue\CI Prac\Reservation\reservationAPI\system\Commands\Server\rewrite.php(47): require_once('C:\\Users\\Market...')
#11 {main}

Next CodeIgniter\Database\Exceptions\DatabaseException: No connection could be made because the target machine actively refused it.
 in C:\Users\Marketing\Desktop\Vue\CI Prac\Reservation\reservationAPI\system\Database\MySQLi\Connection.php:218
Stack trace:
#0 C:\Users\Marketing\Desktop\Vue\CI Prac\Reservation\reservationAPI\system\Database\BaseConnection.php(391): CodeIgniter\Database\MySQLi\Connection->connect(false)
#1 C:\Users\Marketing\Desktop\Vue\CI Prac\Reservation\reservationAPI\system\Database\BaseConnection.php(574): CodeIgniter\Database\BaseConnection->initialize()
#2 C:\Users\Marketing\Desktop\Vue\CI Prac\Reservation\reservationAPI\system\Database\BaseBuilder.php(1616): CodeIgniter\Database\BaseConnection->query('SELECT *\nFROM `...', Array, false)
#3 C:\Users\Marketing\Desktop\Vue\CI Prac\Reservation\reservationAPI\app\Models\HomeModel.php(21): CodeIgniter\Database\BaseBuilder->get()
#4 C:\Users\Marketing\Desktop\Vue\CI Prac\Reservation\reservationAPI\app\Controllers\Home.php(14): App\Models\HomeModel->fetchRoom()
#5 C:\Users\Marketing\Desktop\Vue\CI Prac\Reservation\reservationAPI\system\CodeIgniter.php(934): App\Controllers\Home->index()
#6 C:\Users\Marketing\Desktop\Vue\CI Prac\Reservation\reservationAPI\system\CodeIgniter.php(499): CodeIgniter\CodeIgniter->runController(Object(App\Controllers\Home))
#7 C:\Users\Marketing\Desktop\Vue\CI Prac\Reservation\reservationAPI\system\CodeIgniter.php(368): CodeIgniter\CodeIgniter->handleRequest(NULL, Object(Config\Cache), false)
#8 C:\Users\Marketing\Desktop\Vue\CI Prac\Reservation\reservationAPI\public\index.php(67): CodeIgniter\CodeIgniter->run()
#9 C:\Users\Marketing\Desktop\Vue\CI Prac\Reservation\reservationAPI\system\Commands\Server\rewrite.php(47): require_once('C:\\Users\\Market...')
#10 {main}
CRITICAL - 2023-06-08 14:09:20 --> Unable to connect to the database.
Main connection [MySQLi]: No connection could be made because the target machine actively refused it.

in SYSTEMPATH\Database\BaseConnection.php on line 427.
 1 SYSTEMPATH\Database\BaseConnection.php(574): CodeIgniter\Database\BaseConnection->initialize()
 2 SYSTEMPATH\Database\BaseBuilder.php(1616): CodeIgniter\Database\BaseConnection->query('SELECT *
FROM `room_type`', [], false)
 3 APPPATH\Models\HomeModel.php(21): CodeIgniter\Database\BaseBuilder->get()
 4 APPPATH\Controllers\Home.php(14): App\Models\HomeModel->fetchRoom()
 5 SYSTEMPATH\CodeIgniter.php(934): App\Controllers\Home->index()
 6 SYSTEMPATH\CodeIgniter.php(499): CodeIgniter\CodeIgniter->runController(Object(App\Controllers\Home))
 7 SYSTEMPATH\CodeIgniter.php(368): CodeIgniter\CodeIgniter->handleRequest(null, Object(Config\Cache), false)
 8 FCPATH\index.php(67): CodeIgniter\CodeIgniter->run()
 9 SYSTEMPATH\Commands\Server\rewrite.php(47): require_once('C:\\Users\\Marketing\\Desktop\\Vue\\CI Prac\\Reservation\\reservationAPI\\public\\index.php')
ERROR - 2023-06-08 14:09:35 --> Error connecting to the database: mysqli_sql_exception: No connection could be made because the target machine actively refused it.
 in C:\Users\Marketing\Desktop\Vue\CI Prac\Reservation\reservationAPI\system\Database\MySQLi\Connection.php:174
Stack trace:
#0 C:\Users\Marketing\Desktop\Vue\CI Prac\Reservation\reservationAPI\system\Database\MySQLi\Connection.php(174): mysqli->real_connect('localhost', 'root', '', 'reservation_db', 3306, '', 0)
#1 C:\Users\Marketing\Desktop\Vue\CI Prac\Reservation\reservationAPI\system\Database\BaseConnection.php(391): CodeIgniter\Database\MySQLi\Connection->connect(false)
#2 C:\Users\Marketing\Desktop\Vue\CI Prac\Reservation\reservationAPI\system\Database\BaseConnection.php(574): CodeIgniter\Database\BaseConnection->initialize()
#3 C:\Users\Marketing\Desktop\Vue\CI Prac\Reservation\reservationAPI\system\Database\BaseBuilder.php(1616): CodeIgniter\Database\BaseConnection->query('SELECT *\nFROM `...', Array, false)
#4 C:\Users\Marketing\Desktop\Vue\CI Prac\Reservation\reservationAPI\app\Models\HomeModel.php(21): CodeIgniter\Database\BaseBuilder->get()
#5 C:\Users\Marketing\Desktop\Vue\CI Prac\Reservation\reservationAPI\app\Controllers\Home.php(14): App\Models\HomeModel->fetchRoom()
#6 C:\Users\Marketing\Desktop\Vue\CI Prac\Reservation\reservationAPI\system\CodeIgniter.php(934): App\Controllers\Home->index()
#7 C:\Users\Marketing\Desktop\Vue\CI Prac\Reservation\reservationAPI\system\CodeIgniter.php(499): CodeIgniter\CodeIgniter->runController(Object(App\Controllers\Home))
#8 C:\Users\Marketing\Desktop\Vue\CI Prac\Reservation\reservationAPI\system\CodeIgniter.php(368): CodeIgniter\CodeIgniter->handleRequest(NULL, Object(Config\Cache), false)
#9 C:\Users\Marketing\Desktop\Vue\CI Prac\Reservation\reservationAPI\public\index.php(67): CodeIgniter\CodeIgniter->run()
#10 C:\Users\Marketing\Desktop\Vue\CI Prac\Reservation\reservationAPI\system\Commands\Server\rewrite.php(47): require_once('C:\\Users\\Market...')
#11 {main}

Next CodeIgniter\Database\Exceptions\DatabaseException: No connection could be made because the target machine actively refused it.
 in C:\Users\Marketing\Desktop\Vue\CI Prac\Reservation\reservationAPI\system\Database\MySQLi\Connection.php:218
Stack trace:
#0 C:\Users\Marketing\Desktop\Vue\CI Prac\Reservation\reservationAPI\system\Database\BaseConnection.php(391): CodeIgniter\Database\MySQLi\Connection->connect(false)
#1 C:\Users\Marketing\Desktop\Vue\CI Prac\Reservation\reservationAPI\system\Database\BaseConnection.php(574): CodeIgniter\Database\BaseConnection->initialize()
#2 C:\Users\Marketing\Desktop\Vue\CI Prac\Reservation\reservationAPI\system\Database\BaseBuilder.php(1616): CodeIgniter\Database\BaseConnection->query('SELECT *\nFROM `...', Array, false)
#3 C:\Users\Marketing\Desktop\Vue\CI Prac\Reservation\reservationAPI\app\Models\HomeModel.php(21): CodeIgniter\Database\BaseBuilder->get()
#4 C:\Users\Marketing\Desktop\Vue\CI Prac\Reservation\reservationAPI\app\Controllers\Home.php(14): App\Models\HomeModel->fetchRoom()
#5 C:\Users\Marketing\Desktop\Vue\CI Prac\Reservation\reservationAPI\system\CodeIgniter.php(934): App\Controllers\Home->index()
#6 C:\Users\Marketing\Desktop\Vue\CI Prac\Reservation\reservationAPI\system\CodeIgniter.php(499): CodeIgniter\CodeIgniter->runController(Object(App\Controllers\Home))
#7 C:\Users\Marketing\Desktop\Vue\CI Prac\Reservation\reservationAPI\system\CodeIgniter.php(368): CodeIgniter\CodeIgniter->handleRequest(NULL, Object(Config\Cache), false)
#8 C:\Users\Marketing\Desktop\Vue\CI Prac\Reservation\reservationAPI\public\index.php(67): CodeIgniter\CodeIgniter->run()
#9 C:\Users\Marketing\Desktop\Vue\CI Prac\Reservation\reservationAPI\system\Commands\Server\rewrite.php(47): require_once('C:\\Users\\Market...')
#10 {main}
CRITICAL - 2023-06-08 14:09:35 --> Unable to connect to the database.
Main connection [MySQLi]: No connection could be made because the target machine actively refused it.

in SYSTEMPATH\Database\BaseConnection.php on line 427.
 1 SYSTEMPATH\Database\BaseConnection.php(574): CodeIgniter\Database\BaseConnection->initialize()
 2 SYSTEMPATH\Database\BaseBuilder.php(1616): CodeIgniter\Database\BaseConnection->query('SELECT *
FROM `room_type`', [], false)
 3 APPPATH\Models\HomeModel.php(21): CodeIgniter\Database\BaseBuilder->get()
 4 APPPATH\Controllers\Home.php(14): App\Models\HomeModel->fetchRoom()
 5 SYSTEMPATH\CodeIgniter.php(934): App\Controllers\Home->index()
 6 SYSTEMPATH\CodeIgniter.php(499): CodeIgniter\CodeIgniter->runController(Object(App\Controllers\Home))
 7 SYSTEMPATH\CodeIgniter.php(368): CodeIgniter\CodeIgniter->handleRequest(null, Object(Config\Cache), false)
 8 FCPATH\index.php(67): CodeIgniter\CodeIgniter->run()
 9 SYSTEMPATH\Commands\Server\rewrite.php(47): require_once('C:\\Users\\Marketing\\Desktop\\Vue\\CI Prac\\Reservation\\reservationAPI\\public\\index.php')
ERROR - 2023-06-08 14:10:27 --> Error connecting to the database: mysqli_sql_exception: No connection could be made because the target machine actively refused it.
 in C:\Users\Marketing\Desktop\Vue\CI Prac\Reservation\reservationAPI\system\Database\MySQLi\Connection.php:174
Stack trace:
#0 C:\Users\Marketing\Desktop\Vue\CI Prac\Reservation\reservationAPI\system\Database\MySQLi\Connection.php(174): mysqli->real_connect('localhost', 'root', '', 'reservation_db', 3306, '', 0)
#1 C:\Users\Marketing\Desktop\Vue\CI Prac\Reservation\reservationAPI\system\Database\BaseConnection.php(391): CodeIgniter\Database\MySQLi\Connection->connect(false)
#2 C:\Users\Marketing\Desktop\Vue\CI Prac\Reservation\reservationAPI\system\Database\BaseConnection.php(574): CodeIgniter\Database\BaseConnection->initialize()
#3 C:\Users\Marketing\Desktop\Vue\CI Prac\Reservation\reservationAPI\system\Database\BaseBuilder.php(1616): CodeIgniter\Database\BaseConnection->query('SELECT *\nFROM `...', Array, false)
#4 C:\Users\Marketing\Desktop\Vue\CI Prac\Reservation\reservationAPI\app\Models\HomeModel.php(21): CodeIgniter\Database\BaseBuilder->get()
#5 C:\Users\Marketing\Desktop\Vue\CI Prac\Reservation\reservationAPI\app\Controllers\Home.php(14): App\Models\HomeModel->fetchRoom()
#6 C:\Users\Marketing\Desktop\Vue\CI Prac\Reservation\reservationAPI\system\CodeIgniter.php(934): App\Controllers\Home->index()
#7 C:\Users\Marketing\Desktop\Vue\CI Prac\Reservation\reservationAPI\system\CodeIgniter.php(499): CodeIgniter\CodeIgniter->runController(Object(App\Controllers\Home))
#8 C:\Users\Marketing\Desktop\Vue\CI Prac\Reservation\reservationAPI\system\CodeIgniter.php(368): CodeIgniter\CodeIgniter->handleRequest(NULL, Object(Config\Cache), false)
#9 C:\Users\Marketing\Desktop\Vue\CI Prac\Reservation\reservationAPI\public\index.php(67): CodeIgniter\CodeIgniter->run()
#10 C:\Users\Marketing\Desktop\Vue\CI Prac\Reservation\reservationAPI\system\Commands\Server\rewrite.php(47): require_once('C:\\Users\\Market...')
#11 {main}

Next CodeIgniter\Database\Exceptions\DatabaseException: No connection could be made because the target machine actively refused it.
 in C:\Users\Marketing\Desktop\Vue\CI Prac\Reservation\reservationAPI\system\Database\MySQLi\Connection.php:218
Stack trace:
#0 C:\Users\Marketing\Desktop\Vue\CI Prac\Reservation\reservationAPI\system\Database\BaseConnection.php(391): CodeIgniter\Database\MySQLi\Connection->connect(false)
#1 C:\Users\Marketing\Desktop\Vue\CI Prac\Reservation\reservationAPI\system\Database\BaseConnection.php(574): CodeIgniter\Database\BaseConnection->initialize()
#2 C:\Users\Marketing\Desktop\Vue\CI Prac\Reservation\reservationAPI\system\Database\BaseBuilder.php(1616): CodeIgniter\Database\BaseConnection->query('SELECT *\nFROM `...', Array, false)
#3 C:\Users\Marketing\Desktop\Vue\CI Prac\Reservation\reservationAPI\app\Models\HomeModel.php(21): CodeIgniter\Database\BaseBuilder->get()
#4 C:\Users\Marketing\Desktop\Vue\CI Prac\Reservation\reservationAPI\app\Controllers\Home.php(14): App\Models\HomeModel->fetchRoom()
#5 C:\Users\Marketing\Desktop\Vue\CI Prac\Reservation\reservationAPI\system\CodeIgniter.php(934): App\Controllers\Home->index()
#6 C:\Users\Marketing\Desktop\Vue\CI Prac\Reservation\reservationAPI\system\CodeIgniter.php(499): CodeIgniter\CodeIgniter->runController(Object(App\Controllers\Home))
#7 C:\Users\Marketing\Desktop\Vue\CI Prac\Reservation\reservationAPI\system\CodeIgniter.php(368): CodeIgniter\CodeIgniter->handleRequest(NULL, Object(Config\Cache), false)
#8 C:\Users\Marketing\Desktop\Vue\CI Prac\Reservation\reservationAPI\public\index.php(67): CodeIgniter\CodeIgniter->run()
#9 C:\Users\Marketing\Desktop\Vue\CI Prac\Reservation\reservationAPI\system\Commands\Server\rewrite.php(47): require_once('C:\\Users\\Market...')
#10 {main}
CRITICAL - 2023-06-08 14:10:27 --> Unable to connect to the database.
Main connection [MySQLi]: No connection could be made because the target machine actively refused it.

in SYSTEMPATH\Database\BaseConnection.php on line 427.
 1 SYSTEMPATH\Database\BaseConnection.php(574): CodeIgniter\Database\BaseConnection->initialize()
 2 SYSTEMPATH\Database\BaseBuilder.php(1616): CodeIgniter\Database\BaseConnection->query('SELECT *
FROM `room_type`', [], false)
 3 APPPATH\Models\HomeModel.php(21): CodeIgniter\Database\BaseBuilder->get()
 4 APPPATH\Controllers\Home.php(14): App\Models\HomeModel->fetchRoom()
 5 SYSTEMPATH\CodeIgniter.php(934): App\Controllers\Home->index()
 6 SYSTEMPATH\CodeIgniter.php(499): CodeIgniter\CodeIgniter->runController(Object(App\Controllers\Home))
 7 SYSTEMPATH\CodeIgniter.php(368): CodeIgniter\CodeIgniter->handleRequest(null, Object(Config\Cache), false)
 8 FCPATH\index.php(67): CodeIgniter\CodeIgniter->run()
 9 SYSTEMPATH\Commands\Server\rewrite.php(47): require_once('C:\\Users\\Marketing\\Desktop\\Vue\\CI Prac\\Reservation\\reservationAPI\\public\\index.php')
