CRITICAL - 2023-06-04 05:07:33 --> Call to a member function insert() on array
in APPPATH\Models\ScheduleModel.php on line 33.
 1 APPPATH\Controllers\Schedule.php(36): App\Models\ScheduleModel->addSchedule([...])
 2 SYSTEMPATH\CodeIgniter.php(934): App\Controllers\Schedule->addScheduleController()
 3 SYSTEMPATH\CodeIgniter.php(499): CodeIgniter\CodeIgniter->runController(Object(App\Controllers\Schedule))
 4 SYSTEMPATH\CodeIgniter.php(368): CodeIgniter\CodeIgniter->handleRequest(null, Object(Config\Cache), false)
 5 FCPATH\index.php(67): CodeIgniter\CodeIgniter->run()
 6 SYSTEMPATH\Commands\Server\rewrite.php(47): require_once('C:\\Users\\marka\\OneDrive\\Desktop\\CI Prac\\Reservation\\reservationAPI\\public\\index.php')
CRITICAL - 2023-06-04 05:09:06 --> Call to undefined method CodeIgniter\Database\MySQLi\Result::insert()
in APPPATH\Models\ScheduleModel.php on line 32.
 1 APPPATH\Controllers\Schedule.php(36): App\Models\ScheduleModel->addSchedule([...])
 2 SYSTEMPATH\CodeIgniter.php(934): App\Controllers\Schedule->addScheduleController()
 3 SYSTEMPATH\CodeIgniter.php(499): CodeIgniter\CodeIgniter->runController(Object(App\Controllers\Schedule))
 4 SYSTEMPATH\CodeIgniter.php(368): CodeIgniter\CodeIgniter->handleRequest(null, Object(Config\Cache), false)
 5 FCPATH\index.php(67): CodeIgniter\CodeIgniter->run()
 6 SYSTEMPATH\Commands\Server\rewrite.php(47): require_once('C:\\Users\\marka\\OneDrive\\Desktop\\CI Prac\\Reservation\\reservationAPI\\public\\index.php')
ERROR - 2023-06-04 05:12:36 --> mysqli_sql_exception: Unknown column 'created_status' in 'field list' in C:\Users\marka\OneDrive\Desktop\CI Prac\Reservation\reservationAPI\system\Database\MySQLi\Connection.php:295
Stack trace:
#0 C:\Users\marka\OneDrive\Desktop\CI Prac\Reservation\reservationAPI\system\Database\MySQLi\Connection.php(295): mysqli->query('INSERT INTO `re...', 0)
#1 C:\Users\marka\OneDrive\Desktop\CI Prac\Reservation\reservationAPI\system\Database\BaseConnection.php(692): CodeIgniter\Database\MySQLi\Connection->execute('INSERT INTO `re...')
#2 C:\Users\marka\OneDrive\Desktop\CI Prac\Reservation\reservationAPI\system\Database\BaseConnection.php(606): CodeIgniter\Database\BaseConnection->simpleQuery('INSERT INTO `re...')
#3 C:\Users\marka\OneDrive\Desktop\CI Prac\Reservation\reservationAPI\system\Database\BaseBuilder.php(2309): CodeIgniter\Database\BaseConnection->query('INSERT INTO `re...', Array, false)
#4 C:\Users\marka\OneDrive\Desktop\CI Prac\Reservation\reservationAPI\app\Models\ScheduleModel.php(29): CodeIgniter\Database\BaseBuilder->insert(Array)
#5 C:\Users\marka\OneDrive\Desktop\CI Prac\Reservation\reservationAPI\app\Controllers\Schedule.php(36): App\Models\ScheduleModel->addSchedule(Array)
#6 C:\Users\marka\OneDrive\Desktop\CI Prac\Reservation\reservationAPI\system\CodeIgniter.php(934): App\Controllers\Schedule->addScheduleController()
#7 C:\Users\marka\OneDrive\Desktop\CI Prac\Reservation\reservationAPI\system\CodeIgniter.php(499): CodeIgniter\CodeIgniter->runController(Object(App\Controllers\Schedule))
#8 C:\Users\marka\OneDrive\Desktop\CI Prac\Reservation\reservationAPI\system\CodeIgniter.php(368): CodeIgniter\CodeIgniter->handleRequest(NULL, Object(Config\Cache), false)
#9 C:\Users\marka\OneDrive\Desktop\CI Prac\Reservation\reservationAPI\public\index.php(67): CodeIgniter\CodeIgniter->run()
#10 C:\Users\marka\OneDrive\Desktop\CI Prac\Reservation\reservationAPI\system\Commands\Server\rewrite.php(47): require_once('C:\\Users\\marka\\...')
#11 {main}
CRITICAL - 2023-06-04 05:12:36 --> Unknown column 'created_status' in 'field list'
in SYSTEMPATH\Database\MySQLi\Connection.php on line 295.
 1 SYSTEMPATH\Database\MySQLi\Connection.php(295): mysqli->query('INSERT INTO `reservation` (`start_date`, `end_date`, `customer_id`, `room_type_id`, `created_status`) VALUES (\'2023-06-05T14:00\', \'2023-06-08T16:02\', \'6\', \'19\', 1)', 0)
 2 SYSTEMPATH\Database\BaseConnection.php(692): CodeIgniter\Database\MySQLi\Connection->execute('INSERT INTO `reservation` (`start_date`, `end_date`, `customer_id`, `room_type_id`, `created_status`) VALUES (\'2023-06-05T14:00\', \'2023-06-08T16:02\', \'6\', \'19\', 1)')
 3 SYSTEMPATH\Database\BaseConnection.php(606): CodeIgniter\Database\BaseConnection->simpleQuery('INSERT INTO `reservation` (`start_date`, `end_date`, `customer_id`, `room_type_id`, `created_status`) VALUES (\'2023-06-05T14:00\', \'2023-06-08T16:02\', \'6\', \'19\', 1)')
 4 SYSTEMPATH\Database\BaseBuilder.php(2309): CodeIgniter\Database\BaseConnection->query('INSERT INTO `reservation` (`start_date`, `end_date`, `customer_id`, `room_type_id`, `created_status`) VALUES (:start_date:, :end_date:, :customer_id:, :room_type_id:, :created_status:)', [...], false)
 5 APPPATH\Models\ScheduleModel.php(29): CodeIgniter\Database\BaseBuilder->insert([...])
 6 APPPATH\Controllers\Schedule.php(36): App\Models\ScheduleModel->addSchedule([...])
 7 SYSTEMPATH\CodeIgniter.php(934): App\Controllers\Schedule->addScheduleController()
 8 SYSTEMPATH\CodeIgniter.php(499): CodeIgniter\CodeIgniter->runController(Object(App\Controllers\Schedule))
 9 SYSTEMPATH\CodeIgniter.php(368): CodeIgniter\CodeIgniter->handleRequest(null, Object(Config\Cache), false)
10 FCPATH\index.php(67): CodeIgniter\CodeIgniter->run()
11 SYSTEMPATH\Commands\Server\rewrite.php(47): require_once('C:\\Users\\marka\\OneDrive\\Desktop\\CI Prac\\Reservation\\reservationAPI\\public\\index.php')
CRITICAL - 2023-06-04 05:45:39 --> Undefined variable $joinTable
in APPPATH\Models\ScheduleModel.php on line 30.
 1 APPPATH\Models\ScheduleModel.php(30): CodeIgniter\Debug\Exceptions->errorHandler(2, 'Undefined variable $joinTable', 'C:\\Users\\marka\\OneDrive\\Desktop\\CI Prac\\Reservation\\reservationAPI\\app\\Models\\ScheduleModel.php', 30)
 2 APPPATH\Controllers\Schedule.php(35): App\Models\ScheduleModel->addSchedule([...])
 3 SYSTEMPATH\CodeIgniter.php(934): App\Controllers\Schedule->addScheduleController()
 4 SYSTEMPATH\CodeIgniter.php(499): CodeIgniter\CodeIgniter->runController(Object(App\Controllers\Schedule))
 5 SYSTEMPATH\CodeIgniter.php(368): CodeIgniter\CodeIgniter->handleRequest(null, Object(Config\Cache), false)
 6 FCPATH\index.php(67): CodeIgniter\CodeIgniter->run()
 7 SYSTEMPATH\Commands\Server\rewrite.php(47): require_once('C:\\Users\\marka\\OneDrive\\Desktop\\CI Prac\\Reservation\\reservationAPI\\public\\index.php')
CRITICAL - 2023-06-04 05:46:33 --> Undefined variable $joinTable
in APPPATH\Models\ScheduleModel.php on line 30.
 1 APPPATH\Models\ScheduleModel.php(30): CodeIgniter\Debug\Exceptions->errorHandler(2, 'Undefined variable $joinTable', 'C:\\Users\\marka\\OneDrive\\Desktop\\CI Prac\\Reservation\\reservationAPI\\app\\Models\\ScheduleModel.php', 30)
 2 APPPATH\Controllers\Schedule.php(35): App\Models\ScheduleModel->addSchedule([...])
 3 SYSTEMPATH\CodeIgniter.php(934): App\Controllers\Schedule->addScheduleController()
 4 SYSTEMPATH\CodeIgniter.php(499): CodeIgniter\CodeIgniter->runController(Object(App\Controllers\Schedule))
 5 SYSTEMPATH\CodeIgniter.php(368): CodeIgniter\CodeIgniter->handleRequest(null, Object(Config\Cache), false)
 6 FCPATH\index.php(67): CodeIgniter\CodeIgniter->run()
 7 SYSTEMPATH\Commands\Server\rewrite.php(47): require_once('C:\\Users\\marka\\OneDrive\\Desktop\\CI Prac\\Reservation\\reservationAPI\\public\\index.php')
ERROR - 2023-06-04 05:48:43 --> mysqli_sql_exception: Cannot add or update a child row: a foreign key constraint fails (`reservation_db`.`customer`, CONSTRAINT `customer_ibfk_1` FOREIGN KEY (`room_type_id`) REFERENCES `room_type` (`room_type_id`)) in C:\Users\marka\OneDrive\Desktop\CI Prac\Reservation\reservationAPI\system\Database\MySQLi\Connection.php:295
Stack trace:
#0 C:\Users\marka\OneDrive\Desktop\CI Prac\Reservation\reservationAPI\system\Database\MySQLi\Connection.php(295): mysqli->query('INSERT INTO `cu...', 0)
#1 C:\Users\marka\OneDrive\Desktop\CI Prac\Reservation\reservationAPI\system\Database\BaseConnection.php(692): CodeIgniter\Database\MySQLi\Connection->execute('INSERT INTO `cu...')
#2 C:\Users\marka\OneDrive\Desktop\CI Prac\Reservation\reservationAPI\system\Database\BaseConnection.php(606): CodeIgniter\Database\BaseConnection->simpleQuery('INSERT INTO `cu...')
#3 C:\Users\marka\OneDrive\Desktop\CI Prac\Reservation\reservationAPI\system\Database\BaseBuilder.php(2309): CodeIgniter\Database\BaseConnection->query('INSERT INTO `cu...', Array, false)
#4 C:\Users\marka\OneDrive\Desktop\CI Prac\Reservation\reservationAPI\app\Models\DashboardModel.php(28): CodeIgniter\Database\BaseBuilder->insert(Array)
#5 C:\Users\marka\OneDrive\Desktop\CI Prac\Reservation\reservationAPI\app\Controllers\Dashboard.php(69): App\Models\DashboardModel->setCreatedStatus(Array)
#6 C:\Users\marka\OneDrive\Desktop\CI Prac\Reservation\reservationAPI\system\CodeIgniter.php(934): App\Controllers\Dashboard->setCreatedStatusController()
#7 C:\Users\marka\OneDrive\Desktop\CI Prac\Reservation\reservationAPI\system\CodeIgniter.php(499): CodeIgniter\CodeIgniter->runController(Object(App\Controllers\Dashboard))
#8 C:\Users\marka\OneDrive\Desktop\CI Prac\Reservation\reservationAPI\system\CodeIgniter.php(368): CodeIgniter\CodeIgniter->handleRequest(NULL, Object(Config\Cache), false)
#9 C:\Users\marka\OneDrive\Desktop\CI Prac\Reservation\reservationAPI\public\index.php(67): CodeIgniter\CodeIgniter->run()
#10 C:\Users\marka\OneDrive\Desktop\CI Prac\Reservation\reservationAPI\system\Commands\Server\rewrite.php(47): require_once('C:\\Users\\marka\\...')
#11 {main}
CRITICAL - 2023-06-04 05:48:43 --> Cannot add or update a child row: a foreign key constraint fails (`reservation_db`.`customer`, CONSTRAINT `customer_ibfk_1` FOREIGN KEY (`room_type_id`) REFERENCES `room_type` (`room_type_id`))
in SYSTEMPATH\Database\MySQLi\Connection.php on line 295.
 1 SYSTEMPATH\Database\MySQLi\Connection.php(295): mysqli->query('INSERT INTO `customer` (`created_status`) VALUES (\'1\')', 0)
 2 SYSTEMPATH\Database\BaseConnection.php(692): CodeIgniter\Database\MySQLi\Connection->execute('INSERT INTO `customer` (`created_status`) VALUES (\'1\')')
 3 SYSTEMPATH\Database\BaseConnection.php(606): CodeIgniter\Database\BaseConnection->simpleQuery('INSERT INTO `customer` (`created_status`) VALUES (\'1\')')
 4 SYSTEMPATH\Database\BaseBuilder.php(2309): CodeIgniter\Database\BaseConnection->query('INSERT INTO `customer` (`created_status`) VALUES (:created_status:)', [...], false)
 5 APPPATH\Models\DashboardModel.php(28): CodeIgniter\Database\BaseBuilder->insert([...])
 6 APPPATH\Controllers\Dashboard.php(69): App\Models\DashboardModel->setCreatedStatus([...])
 7 SYSTEMPATH\CodeIgniter.php(934): App\Controllers\Dashboard->setCreatedStatusController()
 8 SYSTEMPATH\CodeIgniter.php(499): CodeIgniter\CodeIgniter->runController(Object(App\Controllers\Dashboard))
 9 SYSTEMPATH\CodeIgniter.php(368): CodeIgniter\CodeIgniter->handleRequest(null, Object(Config\Cache), false)
10 FCPATH\index.php(67): CodeIgniter\CodeIgniter->run()
11 SYSTEMPATH\Commands\Server\rewrite.php(47): require_once('C:\\Users\\marka\\OneDrive\\Desktop\\CI Prac\\Reservation\\reservationAPI\\public\\index.php')
ERROR - 2023-06-04 05:51:47 --> mysqli_sql_exception: Cannot add or update a child row: a foreign key constraint fails (`reservation_db`.`customer`, CONSTRAINT `customer_ibfk_1` FOREIGN KEY (`room_type_id`) REFERENCES `room_type` (`room_type_id`)) in C:\Users\marka\OneDrive\Desktop\CI Prac\Reservation\reservationAPI\system\Database\MySQLi\Connection.php:295
Stack trace:
#0 C:\Users\marka\OneDrive\Desktop\CI Prac\Reservation\reservationAPI\system\Database\MySQLi\Connection.php(295): mysqli->query('INSERT INTO `cu...', 0)
#1 C:\Users\marka\OneDrive\Desktop\CI Prac\Reservation\reservationAPI\system\Database\BaseConnection.php(692): CodeIgniter\Database\MySQLi\Connection->execute('INSERT INTO `cu...')
#2 C:\Users\marka\OneDrive\Desktop\CI Prac\Reservation\reservationAPI\system\Database\BaseConnection.php(606): CodeIgniter\Database\BaseConnection->simpleQuery('INSERT INTO `cu...')
#3 C:\Users\marka\OneDrive\Desktop\CI Prac\Reservation\reservationAPI\system\Database\BaseBuilder.php(2309): CodeIgniter\Database\BaseConnection->query('INSERT INTO `cu...', Array, false)
#4 C:\Users\marka\OneDrive\Desktop\CI Prac\Reservation\reservationAPI\app\Models\DashboardModel.php(29): CodeIgniter\Database\BaseBuilder->insert(Array)
#5 C:\Users\marka\OneDrive\Desktop\CI Prac\Reservation\reservationAPI\app\Controllers\Dashboard.php(69): App\Models\DashboardModel->setCreatedStatus(Array)
#6 C:\Users\marka\OneDrive\Desktop\CI Prac\Reservation\reservationAPI\system\CodeIgniter.php(934): App\Controllers\Dashboard->setCreatedStatusController()
#7 C:\Users\marka\OneDrive\Desktop\CI Prac\Reservation\reservationAPI\system\CodeIgniter.php(499): CodeIgniter\CodeIgniter->runController(Object(App\Controllers\Dashboard))
#8 C:\Users\marka\OneDrive\Desktop\CI Prac\Reservation\reservationAPI\system\CodeIgniter.php(368): CodeIgniter\CodeIgniter->handleRequest(NULL, Object(Config\Cache), false)
#9 C:\Users\marka\OneDrive\Desktop\CI Prac\Reservation\reservationAPI\public\index.php(67): CodeIgniter\CodeIgniter->run()
#10 C:\Users\marka\OneDrive\Desktop\CI Prac\Reservation\reservationAPI\system\Commands\Server\rewrite.php(47): require_once('C:\\Users\\marka\\...')
#11 {main}
CRITICAL - 2023-06-04 05:51:47 --> Cannot add or update a child row: a foreign key constraint fails (`reservation_db`.`customer`, CONSTRAINT `customer_ibfk_1` FOREIGN KEY (`room_type_id`) REFERENCES `room_type` (`room_type_id`))
in SYSTEMPATH\Database\MySQLi\Connection.php on line 295.
 1 SYSTEMPATH\Database\MySQLi\Connection.php(295): mysqli->query('INSERT INTO `customer` (`created_status`) VALUES (\'1\')', 0)
 2 SYSTEMPATH\Database\BaseConnection.php(692): CodeIgniter\Database\MySQLi\Connection->execute('INSERT INTO `customer` (`created_status`) VALUES (\'1\')')
 3 SYSTEMPATH\Database\BaseConnection.php(606): CodeIgniter\Database\BaseConnection->simpleQuery('INSERT INTO `customer` (`created_status`) VALUES (\'1\')')
 4 SYSTEMPATH\Database\BaseBuilder.php(2309): CodeIgniter\Database\BaseConnection->query('INSERT INTO `customer` (`created_status`) VALUES (:created_status:)', [...], false)
 5 APPPATH\Models\DashboardModel.php(29): CodeIgniter\Database\BaseBuilder->insert([...])
 6 APPPATH\Controllers\Dashboard.php(69): App\Models\DashboardModel->setCreatedStatus([...])
 7 SYSTEMPATH\CodeIgniter.php(934): App\Controllers\Dashboard->setCreatedStatusController()
 8 SYSTEMPATH\CodeIgniter.php(499): CodeIgniter\CodeIgniter->runController(Object(App\Controllers\Dashboard))
 9 SYSTEMPATH\CodeIgniter.php(368): CodeIgniter\CodeIgniter->handleRequest(null, Object(Config\Cache), false)
10 FCPATH\index.php(67): CodeIgniter\CodeIgniter->run()
11 SYSTEMPATH\Commands\Server\rewrite.php(47): require_once('C:\\Users\\marka\\OneDrive\\Desktop\\CI Prac\\Reservation\\reservationAPI\\public\\index.php')
ERROR - 2023-06-04 05:54:11 --> mysqli_sql_exception: Cannot add or update a child row: a foreign key constraint fails (`reservation_db`.`customer`, CONSTRAINT `customer_ibfk_1` FOREIGN KEY (`room_type_id`) REFERENCES `room_type` (`room_type_id`)) in C:\Users\marka\OneDrive\Desktop\CI Prac\Reservation\reservationAPI\system\Database\MySQLi\Connection.php:295
Stack trace:
#0 C:\Users\marka\OneDrive\Desktop\CI Prac\Reservation\reservationAPI\system\Database\MySQLi\Connection.php(295): mysqli->query('INSERT INTO `cu...', 0)
#1 C:\Users\marka\OneDrive\Desktop\CI Prac\Reservation\reservationAPI\system\Database\BaseConnection.php(692): CodeIgniter\Database\MySQLi\Connection->execute('INSERT INTO `cu...')
#2 C:\Users\marka\OneDrive\Desktop\CI Prac\Reservation\reservationAPI\system\Database\BaseConnection.php(606): CodeIgniter\Database\BaseConnection->simpleQuery('INSERT INTO `cu...')
#3 C:\Users\marka\OneDrive\Desktop\CI Prac\Reservation\reservationAPI\system\Database\BaseBuilder.php(2309): CodeIgniter\Database\BaseConnection->query('INSERT INTO `cu...', Array, false)
#4 C:\Users\marka\OneDrive\Desktop\CI Prac\Reservation\reservationAPI\app\Models\DashboardModel.php(29): CodeIgniter\Database\BaseBuilder->insert(Array)
#5 C:\Users\marka\OneDrive\Desktop\CI Prac\Reservation\reservationAPI\app\Controllers\Dashboard.php(69): App\Models\DashboardModel->setCreatedStatus(Array)
#6 C:\Users\marka\OneDrive\Desktop\CI Prac\Reservation\reservationAPI\system\CodeIgniter.php(934): App\Controllers\Dashboard->setCreatedStatusController()
#7 C:\Users\marka\OneDrive\Desktop\CI Prac\Reservation\reservationAPI\system\CodeIgniter.php(499): CodeIgniter\CodeIgniter->runController(Object(App\Controllers\Dashboard))
#8 C:\Users\marka\OneDrive\Desktop\CI Prac\Reservation\reservationAPI\system\CodeIgniter.php(368): CodeIgniter\CodeIgniter->handleRequest(NULL, Object(Config\Cache), false)
#9 C:\Users\marka\OneDrive\Desktop\CI Prac\Reservation\reservationAPI\public\index.php(67): CodeIgniter\CodeIgniter->run()
#10 C:\Users\marka\OneDrive\Desktop\CI Prac\Reservation\reservationAPI\system\Commands\Server\rewrite.php(47): require_once('C:\\Users\\marka\\...')
#11 {main}
CRITICAL - 2023-06-04 05:54:11 --> Cannot add or update a child row: a foreign key constraint fails (`reservation_db`.`customer`, CONSTRAINT `customer_ibfk_1` FOREIGN KEY (`room_type_id`) REFERENCES `room_type` (`room_type_id`))
in SYSTEMPATH\Database\MySQLi\Connection.php on line 295.
 1 SYSTEMPATH\Database\MySQLi\Connection.php(295): mysqli->query('INSERT INTO `customer` (`created_status`) VALUES (\'1\')', 0)
 2 SYSTEMPATH\Database\BaseConnection.php(692): CodeIgniter\Database\MySQLi\Connection->execute('INSERT INTO `customer` (`created_status`) VALUES (\'1\')')
 3 SYSTEMPATH\Database\BaseConnection.php(606): CodeIgniter\Database\BaseConnection->simpleQuery('INSERT INTO `customer` (`created_status`) VALUES (\'1\')')
 4 SYSTEMPATH\Database\BaseBuilder.php(2309): CodeIgniter\Database\BaseConnection->query('INSERT INTO `customer` (`created_status`) VALUES (:created_status:)', [...], false)
 5 APPPATH\Models\DashboardModel.php(29): CodeIgniter\Database\BaseBuilder->insert([...])
 6 APPPATH\Controllers\Dashboard.php(69): App\Models\DashboardModel->setCreatedStatus([...])
 7 SYSTEMPATH\CodeIgniter.php(934): App\Controllers\Dashboard->setCreatedStatusController()
 8 SYSTEMPATH\CodeIgniter.php(499): CodeIgniter\CodeIgniter->runController(Object(App\Controllers\Dashboard))
 9 SYSTEMPATH\CodeIgniter.php(368): CodeIgniter\CodeIgniter->handleRequest(null, Object(Config\Cache), false)
10 FCPATH\index.php(67): CodeIgniter\CodeIgniter->run()
11 SYSTEMPATH\Commands\Server\rewrite.php(47): require_once('C:\\Users\\marka\\OneDrive\\Desktop\\CI Prac\\Reservation\\reservationAPI\\public\\index.php')
CRITICAL - 2023-06-04 06:00:54 --> Call to undefined method CodeIgniter\Database\MySQLi\Result::insert()
in APPPATH\Models\ScheduleModel.php on line 33.
 1 APPPATH\Controllers\Schedule.php(36): App\Models\ScheduleModel->addSchedule([...])
 2 SYSTEMPATH\CodeIgniter.php(934): App\Controllers\Schedule->addScheduleController()
 3 SYSTEMPATH\CodeIgniter.php(499): CodeIgniter\CodeIgniter->runController(Object(App\Controllers\Schedule))
 4 SYSTEMPATH\CodeIgniter.php(368): CodeIgniter\CodeIgniter->handleRequest(null, Object(Config\Cache), false)
 5 FCPATH\index.php(67): CodeIgniter\CodeIgniter->run()
 6 SYSTEMPATH\Commands\Server\rewrite.php(47): require_once('C:\\Users\\marka\\OneDrive\\Desktop\\CI Prac\\Reservation\\reservationAPI\\public\\index.php')
CRITICAL - 2023-06-04 06:02:19 --> Call to a member function insert() on array
in APPPATH\Models\ScheduleModel.php on line 34.
 1 APPPATH\Controllers\Schedule.php(36): App\Models\ScheduleModel->addSchedule([...])
 2 SYSTEMPATH\CodeIgniter.php(934): App\Controllers\Schedule->addScheduleController()
 3 SYSTEMPATH\CodeIgniter.php(499): CodeIgniter\CodeIgniter->runController(Object(App\Controllers\Schedule))
 4 SYSTEMPATH\CodeIgniter.php(368): CodeIgniter\CodeIgniter->handleRequest(null, Object(Config\Cache), false)
 5 FCPATH\index.php(67): CodeIgniter\CodeIgniter->run()
 6 SYSTEMPATH\Commands\Server\rewrite.php(47): require_once('C:\\Users\\marka\\OneDrive\\Desktop\\CI Prac\\Reservation\\reservationAPI\\public\\index.php')
CRITICAL - 2023-06-04 06:05:24 --> Call to undefined method CodeIgniter\Database\MySQLi\Connection::select()
in APPPATH\Models\ScheduleModel.php on line 30.
 1 APPPATH\Controllers\Schedule.php(36): App\Models\ScheduleModel->addSchedule([...])
 2 SYSTEMPATH\CodeIgniter.php(934): App\Controllers\Schedule->addScheduleController()
 3 SYSTEMPATH\CodeIgniter.php(499): CodeIgniter\CodeIgniter->runController(Object(App\Controllers\Schedule))
 4 SYSTEMPATH\CodeIgniter.php(368): CodeIgniter\CodeIgniter->handleRequest(null, Object(Config\Cache), false)
 5 FCPATH\index.php(67): CodeIgniter\CodeIgniter->run()
 6 SYSTEMPATH\Commands\Server\rewrite.php(47): require_once('C:\\Users\\marka\\OneDrive\\Desktop\\CI Prac\\Reservation\\reservationAPI\\public\\index.php')
ERROR - 2023-06-04 23:53:20 --> mysqli_sql_exception: Unknown column 'room_type.room_type_id' in 'on clause' in C:\Users\marka\OneDrive\Desktop\CI Prac\Reservation\reservationAPI\system\Database\MySQLi\Connection.php:295
Stack trace:
#0 C:\Users\marka\OneDrive\Desktop\CI Prac\Reservation\reservationAPI\system\Database\MySQLi\Connection.php(295): mysqli->query('SELECT *\nFROM `...', 0)
#1 C:\Users\marka\OneDrive\Desktop\CI Prac\Reservation\reservationAPI\system\Database\BaseConnection.php(692): CodeIgniter\Database\MySQLi\Connection->execute('SELECT *\nFROM `...')
#2 C:\Users\marka\OneDrive\Desktop\CI Prac\Reservation\reservationAPI\system\Database\BaseConnection.php(606): CodeIgniter\Database\BaseConnection->simpleQuery('SELECT *\nFROM `...')
#3 C:\Users\marka\OneDrive\Desktop\CI Prac\Reservation\reservationAPI\system\Database\BaseBuilder.php(1616): CodeIgniter\Database\BaseConnection->query('SELECT *\nFROM `...', Array, false)
#4 C:\Users\marka\OneDrive\Desktop\CI Prac\Reservation\reservationAPI\app\Models\DashboardModel.php(23): CodeIgniter\Database\BaseBuilder->get()
#5 C:\Users\marka\OneDrive\Desktop\CI Prac\Reservation\reservationAPI\app\Controllers\Dashboard.php(14): App\Models\DashboardModel->fetchRoom()
#6 C:\Users\marka\OneDrive\Desktop\CI Prac\Reservation\reservationAPI\system\CodeIgniter.php(934): App\Controllers\Dashboard->fetchRoomController()
#7 C:\Users\marka\OneDrive\Desktop\CI Prac\Reservation\reservationAPI\system\CodeIgniter.php(499): CodeIgniter\CodeIgniter->runController(Object(App\Controllers\Dashboard))
#8 C:\Users\marka\OneDrive\Desktop\CI Prac\Reservation\reservationAPI\system\CodeIgniter.php(368): CodeIgniter\CodeIgniter->handleRequest(NULL, Object(Config\Cache), false)
#9 C:\Users\marka\OneDrive\Desktop\CI Prac\Reservation\reservationAPI\public\index.php(67): CodeIgniter\CodeIgniter->run()
#10 C:\Users\marka\OneDrive\Desktop\CI Prac\Reservation\reservationAPI\system\Commands\Server\rewrite.php(47): require_once('C:\\Users\\marka\\...')
#11 {main}
CRITICAL - 2023-06-04 23:53:20 --> Unknown column 'room_type.room_type_id' in 'on clause'
in SYSTEMPATH\Database\MySQLi\Connection.php on line 295.
 1 SYSTEMPATH\Database\MySQLi\Connection.php(295): mysqli->query('SELECT *
FROM `reservation`
JOIN `customer` ON `customer`.`room_type_id` = `room_type`.`room_type_id`
JOIN `room_type` ON `room_type`.`room_type_id` = `reservation`.`room_type_id`', 0)
 2 SYSTEMPATH\Database\BaseConnection.php(692): CodeIgniter\Database\MySQLi\Connection->execute('SELECT *
FROM `reservation`
JOIN `customer` ON `customer`.`room_type_id` = `room_type`.`room_type_id`
JOIN `room_type` ON `room_type`.`room_type_id` = `reservation`.`room_type_id`')
 3 SYSTEMPATH\Database\BaseConnection.php(606): CodeIgniter\Database\BaseConnection->simpleQuery('SELECT *
FROM `reservation`
JOIN `customer` ON `customer`.`room_type_id` = `room_type`.`room_type_id`
JOIN `room_type` ON `room_type`.`room_type_id` = `reservation`.`room_type_id`')
 4 SYSTEMPATH\Database\BaseBuilder.php(1616): CodeIgniter\Database\BaseConnection->query('SELECT *
FROM `reservation`
JOIN `customer` ON `customer`.`room_type_id` = `room_type`.`room_type_id`
JOIN `room_type` ON `room_type`.`room_type_id` = `reservation`.`room_type_id`', [], false)
 5 APPPATH\Models\DashboardModel.php(23): CodeIgniter\Database\BaseBuilder->get()
 6 APPPATH\Controllers\Dashboard.php(14): App\Models\DashboardModel->fetchRoom()
 7 SYSTEMPATH\CodeIgniter.php(934): App\Controllers\Dashboard->fetchRoomController()
 8 SYSTEMPATH\CodeIgniter.php(499): CodeIgniter\CodeIgniter->runController(Object(App\Controllers\Dashboard))
 9 SYSTEMPATH\CodeIgniter.php(368): CodeIgniter\CodeIgniter->handleRequest(null, Object(Config\Cache), false)
10 FCPATH\index.php(67): CodeIgniter\CodeIgniter->run()
11 SYSTEMPATH\Commands\Server\rewrite.php(47): require_once('C:\\Users\\marka\\OneDrive\\Desktop\\CI Prac\\Reservation\\reservationAPI\\public\\index.php')
ERROR - 2023-06-04 23:53:38 --> mysqli_sql_exception: Unknown column 'room_type.room_type_id' in 'on clause' in C:\Users\marka\OneDrive\Desktop\CI Prac\Reservation\reservationAPI\system\Database\MySQLi\Connection.php:295
Stack trace:
#0 C:\Users\marka\OneDrive\Desktop\CI Prac\Reservation\reservationAPI\system\Database\MySQLi\Connection.php(295): mysqli->query('SELECT *\nFROM `...', 0)
#1 C:\Users\marka\OneDrive\Desktop\CI Prac\Reservation\reservationAPI\system\Database\BaseConnection.php(692): CodeIgniter\Database\MySQLi\Connection->execute('SELECT *\nFROM `...')
#2 C:\Users\marka\OneDrive\Desktop\CI Prac\Reservation\reservationAPI\system\Database\BaseConnection.php(606): CodeIgniter\Database\BaseConnection->simpleQuery('SELECT *\nFROM `...')
#3 C:\Users\marka\OneDrive\Desktop\CI Prac\Reservation\reservationAPI\system\Database\BaseBuilder.php(1616): CodeIgniter\Database\BaseConnection->query('SELECT *\nFROM `...', Array, false)
#4 C:\Users\marka\OneDrive\Desktop\CI Prac\Reservation\reservationAPI\app\Models\DashboardModel.php(23): CodeIgniter\Database\BaseBuilder->get()
#5 C:\Users\marka\OneDrive\Desktop\CI Prac\Reservation\reservationAPI\app\Controllers\Dashboard.php(14): App\Models\DashboardModel->fetchRoom()
#6 C:\Users\marka\OneDrive\Desktop\CI Prac\Reservation\reservationAPI\system\CodeIgniter.php(934): App\Controllers\Dashboard->fetchRoomController()
#7 C:\Users\marka\OneDrive\Desktop\CI Prac\Reservation\reservationAPI\system\CodeIgniter.php(499): CodeIgniter\CodeIgniter->runController(Object(App\Controllers\Dashboard))
#8 C:\Users\marka\OneDrive\Desktop\CI Prac\Reservation\reservationAPI\system\CodeIgniter.php(368): CodeIgniter\CodeIgniter->handleRequest(NULL, Object(Config\Cache), false)
#9 C:\Users\marka\OneDrive\Desktop\CI Prac\Reservation\reservationAPI\public\index.php(67): CodeIgniter\CodeIgniter->run()
#10 C:\Users\marka\OneDrive\Desktop\CI Prac\Reservation\reservationAPI\system\Commands\Server\rewrite.php(47): require_once('C:\\Users\\marka\\...')
#11 {main}
CRITICAL - 2023-06-04 23:53:38 --> Unknown column 'room_type.room_type_id' in 'on clause'
in SYSTEMPATH\Database\MySQLi\Connection.php on line 295.
 1 SYSTEMPATH\Database\MySQLi\Connection.php(295): mysqli->query('SELECT *
FROM `reservation`
JOIN `customer` ON `customer`.`room_type_id` = `room_type`.`room_type_id`
JOIN `room_type` ON `room_type`.`room_type_id` = `reservation`.`room_type_id`', 0)
 2 SYSTEMPATH\Database\BaseConnection.php(692): CodeIgniter\Database\MySQLi\Connection->execute('SELECT *
FROM `reservation`
JOIN `customer` ON `customer`.`room_type_id` = `room_type`.`room_type_id`
JOIN `room_type` ON `room_type`.`room_type_id` = `reservation`.`room_type_id`')
 3 SYSTEMPATH\Database\BaseConnection.php(606): CodeIgniter\Database\BaseConnection->simpleQuery('SELECT *
FROM `reservation`
JOIN `customer` ON `customer`.`room_type_id` = `room_type`.`room_type_id`
JOIN `room_type` ON `room_type`.`room_type_id` = `reservation`.`room_type_id`')
 4 SYSTEMPATH\Database\BaseBuilder.php(1616): CodeIgniter\Database\BaseConnection->query('SELECT *
FROM `reservation`
JOIN `customer` ON `customer`.`room_type_id` = `room_type`.`room_type_id`
JOIN `room_type` ON `room_type`.`room_type_id` = `reservation`.`room_type_id`', [], false)
 5 APPPATH\Models\DashboardModel.php(23): CodeIgniter\Database\BaseBuilder->get()
 6 APPPATH\Controllers\Dashboard.php(14): App\Models\DashboardModel->fetchRoom()
 7 SYSTEMPATH\CodeIgniter.php(934): App\Controllers\Dashboard->fetchRoomController()
 8 SYSTEMPATH\CodeIgniter.php(499): CodeIgniter\CodeIgniter->runController(Object(App\Controllers\Dashboard))
 9 SYSTEMPATH\CodeIgniter.php(368): CodeIgniter\CodeIgniter->handleRequest(null, Object(Config\Cache), false)
10 FCPATH\index.php(67): CodeIgniter\CodeIgniter->run()
11 SYSTEMPATH\Commands\Server\rewrite.php(47): require_once('C:\\Users\\marka\\OneDrive\\Desktop\\CI Prac\\Reservation\\reservationAPI\\public\\index.php')
ERROR - 2023-06-04 23:53:41 --> mysqli_sql_exception: Unknown column 'room_type.room_type_id' in 'on clause' in C:\Users\marka\OneDrive\Desktop\CI Prac\Reservation\reservationAPI\system\Database\MySQLi\Connection.php:295
Stack trace:
#0 C:\Users\marka\OneDrive\Desktop\CI Prac\Reservation\reservationAPI\system\Database\MySQLi\Connection.php(295): mysqli->query('SELECT *\nFROM `...', 0)
#1 C:\Users\marka\OneDrive\Desktop\CI Prac\Reservation\reservationAPI\system\Database\BaseConnection.php(692): CodeIgniter\Database\MySQLi\Connection->execute('SELECT *\nFROM `...')
#2 C:\Users\marka\OneDrive\Desktop\CI Prac\Reservation\reservationAPI\system\Database\BaseConnection.php(606): CodeIgniter\Database\BaseConnection->simpleQuery('SELECT *\nFROM `...')
#3 C:\Users\marka\OneDrive\Desktop\CI Prac\Reservation\reservationAPI\system\Database\BaseBuilder.php(1616): CodeIgniter\Database\BaseConnection->query('SELECT *\nFROM `...', Array, false)
#4 C:\Users\marka\OneDrive\Desktop\CI Prac\Reservation\reservationAPI\app\Models\DashboardModel.php(23): CodeIgniter\Database\BaseBuilder->get()
#5 C:\Users\marka\OneDrive\Desktop\CI Prac\Reservation\reservationAPI\app\Controllers\Dashboard.php(14): App\Models\DashboardModel->fetchRoom()
#6 C:\Users\marka\OneDrive\Desktop\CI Prac\Reservation\reservationAPI\system\CodeIgniter.php(934): App\Controllers\Dashboard->fetchRoomController()
#7 C:\Users\marka\OneDrive\Desktop\CI Prac\Reservation\reservationAPI\system\CodeIgniter.php(499): CodeIgniter\CodeIgniter->runController(Object(App\Controllers\Dashboard))
#8 C:\Users\marka\OneDrive\Desktop\CI Prac\Reservation\reservationAPI\system\CodeIgniter.php(368): CodeIgniter\CodeIgniter->handleRequest(NULL, Object(Config\Cache), false)
#9 C:\Users\marka\OneDrive\Desktop\CI Prac\Reservation\reservationAPI\public\index.php(67): CodeIgniter\CodeIgniter->run()
#10 C:\Users\marka\OneDrive\Desktop\CI Prac\Reservation\reservationAPI\system\Commands\Server\rewrite.php(47): require_once('C:\\Users\\marka\\...')
#11 {main}
CRITICAL - 2023-06-04 23:53:41 --> Unknown column 'room_type.room_type_id' in 'on clause'
in SYSTEMPATH\Database\MySQLi\Connection.php on line 295.
 1 SYSTEMPATH\Database\MySQLi\Connection.php(295): mysqli->query('SELECT *
FROM `reservation`
JOIN `customer` ON `customer`.`room_type_id` = `room_type`.`room_type_id`
JOIN `room_type` ON `room_type`.`room_type_id` = `reservation`.`room_type_id`', 0)
 2 SYSTEMPATH\Database\BaseConnection.php(692): CodeIgniter\Database\MySQLi\Connection->execute('SELECT *
FROM `reservation`
JOIN `customer` ON `customer`.`room_type_id` = `room_type`.`room_type_id`
JOIN `room_type` ON `room_type`.`room_type_id` = `reservation`.`room_type_id`')
 3 SYSTEMPATH\Database\BaseConnection.php(606): CodeIgniter\Database\BaseConnection->simpleQuery('SELECT *
FROM `reservation`
JOIN `customer` ON `customer`.`room_type_id` = `room_type`.`room_type_id`
JOIN `room_type` ON `room_type`.`room_type_id` = `reservation`.`room_type_id`')
 4 SYSTEMPATH\Database\BaseBuilder.php(1616): CodeIgniter\Database\BaseConnection->query('SELECT *
FROM `reservation`
JOIN `customer` ON `customer`.`room_type_id` = `room_type`.`room_type_id`
JOIN `room_type` ON `room_type`.`room_type_id` = `reservation`.`room_type_id`', [], false)
 5 APPPATH\Models\DashboardModel.php(23): CodeIgniter\Database\BaseBuilder->get()
 6 APPPATH\Controllers\Dashboard.php(14): App\Models\DashboardModel->fetchRoom()
 7 SYSTEMPATH\CodeIgniter.php(934): App\Controllers\Dashboard->fetchRoomController()
 8 SYSTEMPATH\CodeIgniter.php(499): CodeIgniter\CodeIgniter->runController(Object(App\Controllers\Dashboard))
 9 SYSTEMPATH\CodeIgniter.php(368): CodeIgniter\CodeIgniter->handleRequest(null, Object(Config\Cache), false)
10 FCPATH\index.php(67): CodeIgniter\CodeIgniter->run()
11 SYSTEMPATH\Commands\Server\rewrite.php(47): require_once('C:\\Users\\marka\\OneDrive\\Desktop\\CI Prac\\Reservation\\reservationAPI\\public\\index.php')
ERROR - 2023-06-04 23:54:39 --> mysqli_sql_exception: Unknown column 'room_type.customer_id' in 'on clause' in C:\Users\marka\OneDrive\Desktop\CI Prac\Reservation\reservationAPI\system\Database\MySQLi\Connection.php:295
Stack trace:
#0 C:\Users\marka\OneDrive\Desktop\CI Prac\Reservation\reservationAPI\system\Database\MySQLi\Connection.php(295): mysqli->query('SELECT *\nFROM `...', 0)
#1 C:\Users\marka\OneDrive\Desktop\CI Prac\Reservation\reservationAPI\system\Database\BaseConnection.php(692): CodeIgniter\Database\MySQLi\Connection->execute('SELECT *\nFROM `...')
#2 C:\Users\marka\OneDrive\Desktop\CI Prac\Reservation\reservationAPI\system\Database\BaseConnection.php(606): CodeIgniter\Database\BaseConnection->simpleQuery('SELECT *\nFROM `...')
#3 C:\Users\marka\OneDrive\Desktop\CI Prac\Reservation\reservationAPI\system\Database\BaseBuilder.php(1616): CodeIgniter\Database\BaseConnection->query('SELECT *\nFROM `...', Array, false)
#4 C:\Users\marka\OneDrive\Desktop\CI Prac\Reservation\reservationAPI\app\Models\DashboardModel.php(23): CodeIgniter\Database\BaseBuilder->get()
#5 C:\Users\marka\OneDrive\Desktop\CI Prac\Reservation\reservationAPI\app\Controllers\Dashboard.php(14): App\Models\DashboardModel->fetchRoom()
#6 C:\Users\marka\OneDrive\Desktop\CI Prac\Reservation\reservationAPI\system\CodeIgniter.php(934): App\Controllers\Dashboard->fetchRoomController()
#7 C:\Users\marka\OneDrive\Desktop\CI Prac\Reservation\reservationAPI\system\CodeIgniter.php(499): CodeIgniter\CodeIgniter->runController(Object(App\Controllers\Dashboard))
#8 C:\Users\marka\OneDrive\Desktop\CI Prac\Reservation\reservationAPI\system\CodeIgniter.php(368): CodeIgniter\CodeIgniter->handleRequest(NULL, Object(Config\Cache), false)
#9 C:\Users\marka\OneDrive\Desktop\CI Prac\Reservation\reservationAPI\public\index.php(67): CodeIgniter\CodeIgniter->run()
#10 C:\Users\marka\OneDrive\Desktop\CI Prac\Reservation\reservationAPI\system\Commands\Server\rewrite.php(47): require_once('C:\\Users\\marka\\...')
#11 {main}
CRITICAL - 2023-06-04 23:54:39 --> Unknown column 'room_type.customer_id' in 'on clause'
in SYSTEMPATH\Database\MySQLi\Connection.php on line 295.
 1 SYSTEMPATH\Database\MySQLi\Connection.php(295): mysqli->query('SELECT *
FROM `reservation`
JOIN `customer` ON `customer`.`customer_id` = `room_type`.`customer_id`
JOIN `room_type` ON `room_type`.`room_type_id` = `reservation`.`room_type_id`', 0)
 2 SYSTEMPATH\Database\BaseConnection.php(692): CodeIgniter\Database\MySQLi\Connection->execute('SELECT *
FROM `reservation`
JOIN `customer` ON `customer`.`customer_id` = `room_type`.`customer_id`
JOIN `room_type` ON `room_type`.`room_type_id` = `reservation`.`room_type_id`')
 3 SYSTEMPATH\Database\BaseConnection.php(606): CodeIgniter\Database\BaseConnection->simpleQuery('SELECT *
FROM `reservation`
JOIN `customer` ON `customer`.`customer_id` = `room_type`.`customer_id`
JOIN `room_type` ON `room_type`.`room_type_id` = `reservation`.`room_type_id`')
 4 SYSTEMPATH\Database\BaseBuilder.php(1616): CodeIgniter\Database\BaseConnection->query('SELECT *
FROM `reservation`
JOIN `customer` ON `customer`.`customer_id` = `room_type`.`customer_id`
JOIN `room_type` ON `room_type`.`room_type_id` = `reservation`.`room_type_id`', [], false)
 5 APPPATH\Models\DashboardModel.php(23): CodeIgniter\Database\BaseBuilder->get()
 6 APPPATH\Controllers\Dashboard.php(14): App\Models\DashboardModel->fetchRoom()
 7 SYSTEMPATH\CodeIgniter.php(934): App\Controllers\Dashboard->fetchRoomController()
 8 SYSTEMPATH\CodeIgniter.php(499): CodeIgniter\CodeIgniter->runController(Object(App\Controllers\Dashboard))
 9 SYSTEMPATH\CodeIgniter.php(368): CodeIgniter\CodeIgniter->handleRequest(null, Object(Config\Cache), false)
10 FCPATH\index.php(67): CodeIgniter\CodeIgniter->run()
11 SYSTEMPATH\Commands\Server\rewrite.php(47): require_once('C:\\Users\\marka\\OneDrive\\Desktop\\CI Prac\\Reservation\\reservationAPI\\public\\index.php')
