CRITICAL - 2023-05-31 22:27:05 --> You must set the database table to be used with your query.
in SYSTEMPATH\Database\BaseConnection.php on line 883.
 1 SYSTEMPATH\Model.php(642): CodeIgniter\Database\BaseConnection->table(null)
 2 SYSTEMPATH\Model.php(832): CodeIgniter\Model->builder()
 3 APPPATH\Controllers\Dashboard.php(14): CodeIgniter\Model->__call('fetchRoom', [])
 4 SYSTEMPATH\CodeIgniter.php(934): App\Controllers\Dashboard->fetchRoomController()
 5 SYSTEMPATH\CodeIgniter.php(499): CodeIgniter\CodeIgniter->runController(Object(App\Controllers\Dashboard))
 6 SYSTEMPATH\CodeIgniter.php(368): CodeIgniter\CodeIgniter->handleRequest(null, Object(Config\Cache), false)
 7 FCPATH\index.php(67): CodeIgniter\CodeIgniter->run()
 8 SYSTEMPATH\Commands\Server\rewrite.php(47): require_once('C:\\Users\\Marketing\\Desktop\\Vue\\CI Prac\\Reservation\\reservationAPI\\public\\index.php')
CRITICAL - 2023-05-31 22:27:37 --> You must set the database table to be used with your query.
in SYSTEMPATH\Database\BaseConnection.php on line 883.
 1 SYSTEMPATH\Model.php(642): CodeIgniter\Database\BaseConnection->table(null)
 2 SYSTEMPATH\Model.php(832): CodeIgniter\Model->builder()
 3 APPPATH\Controllers\Dashboard.php(14): CodeIgniter\Model->__call('fetchRoom', [])
 4 SYSTEMPATH\CodeIgniter.php(934): App\Controllers\Dashboard->fetchRoomController()
 5 SYSTEMPATH\CodeIgniter.php(499): CodeIgniter\CodeIgniter->runController(Object(App\Controllers\Dashboard))
 6 SYSTEMPATH\CodeIgniter.php(368): CodeIgniter\CodeIgniter->handleRequest(null, Object(Config\Cache), false)
 7 FCPATH\index.php(67): CodeIgniter\CodeIgniter->run()
 8 SYSTEMPATH\Commands\Server\rewrite.php(47): require_once('C:\\Users\\Marketing\\Desktop\\Vue\\CI Prac\\Reservation\\reservationAPI\\public\\index.php')
CRITICAL - 2023-05-31 22:27:45 --> You must set the database table to be used with your query.
in SYSTEMPATH\Database\BaseConnection.php on line 883.
 1 SYSTEMPATH\Model.php(642): CodeIgniter\Database\BaseConnection->table(null)
 2 SYSTEMPATH\Model.php(832): CodeIgniter\Model->builder()
 3 APPPATH\Controllers\Dashboard.php(14): CodeIgniter\Model->__call('fetchRoom', [])
 4 SYSTEMPATH\CodeIgniter.php(934): App\Controllers\Dashboard->fetchRoomController()
 5 SYSTEMPATH\CodeIgniter.php(499): CodeIgniter\CodeIgniter->runController(Object(App\Controllers\Dashboard))
 6 SYSTEMPATH\CodeIgniter.php(368): CodeIgniter\CodeIgniter->handleRequest(null, Object(Config\Cache), false)
 7 FCPATH\index.php(67): CodeIgniter\CodeIgniter->run()
 8 SYSTEMPATH\Commands\Server\rewrite.php(47): require_once('C:\\Users\\Marketing\\Desktop\\Vue\\CI Prac\\Reservation\\reservationAPI\\public\\index.php')
CRITICAL - 2023-05-31 22:31:09 --> You must set the database table to be used with your query.
in SYSTEMPATH\Database\BaseConnection.php on line 883.
 1 SYSTEMPATH\Model.php(642): CodeIgniter\Database\BaseConnection->table(null)
 2 SYSTEMPATH\Model.php(832): CodeIgniter\Model->builder()
 3 APPPATH\Controllers\Dashboard.php(14): CodeIgniter\Model->__call('fetchRoom', [])
 4 SYSTEMPATH\CodeIgniter.php(934): App\Controllers\Dashboard->fetchRoomController()
 5 SYSTEMPATH\CodeIgniter.php(499): CodeIgniter\CodeIgniter->runController(Object(App\Controllers\Dashboard))
 6 SYSTEMPATH\CodeIgniter.php(368): CodeIgniter\CodeIgniter->handleRequest(null, Object(Config\Cache), false)
 7 FCPATH\index.php(67): CodeIgniter\CodeIgniter->run()
 8 SYSTEMPATH\Commands\Server\rewrite.php(47): require_once('C:\\Users\\Marketing\\Desktop\\Vue\\CI Prac\\Reservation\\reservationAPI\\public\\index.php')
CRITICAL - 2023-05-31 22:39:10 --> You must set the database table to be used with your query.
in SYSTEMPATH\Database\BaseConnection.php on line 883.
 1 SYSTEMPATH\Model.php(642): CodeIgniter\Database\BaseConnection->table(null)
 2 SYSTEMPATH\Model.php(832): CodeIgniter\Model->builder()
 3 APPPATH\Controllers\Dashboard.php(14): CodeIgniter\Model->__call('fetchRoom', [])
 4 SYSTEMPATH\CodeIgniter.php(934): App\Controllers\Dashboard->fetchRoomController()
 5 SYSTEMPATH\CodeIgniter.php(499): CodeIgniter\CodeIgniter->runController(Object(App\Controllers\Dashboard))
 6 SYSTEMPATH\CodeIgniter.php(368): CodeIgniter\CodeIgniter->handleRequest(null, Object(Config\Cache), false)
 7 FCPATH\index.php(67): CodeIgniter\CodeIgniter->run()
 8 SYSTEMPATH\Commands\Server\rewrite.php(47): require_once('C:\\Users\\Marketing\\Desktop\\Vue\\CI Prac\\Reservation\\reservationAPI\\public\\index.php')
ERROR - 2023-05-31 22:44:08 --> mysqli_sql_exception: Table 'reservation_db.customers' doesn't exist in C:\Users\Marketing\Desktop\Vue\CI Prac\Reservation\reservationAPI\system\Database\MySQLi\Connection.php:295
Stack trace:
#0 C:\Users\Marketing\Desktop\Vue\CI Prac\Reservation\reservationAPI\system\Database\MySQLi\Connection.php(295): mysqli->query('SELECT *\nFROM `...', 0)
#1 C:\Users\Marketing\Desktop\Vue\CI Prac\Reservation\reservationAPI\system\Database\BaseConnection.php(692): CodeIgniter\Database\MySQLi\Connection->execute('SELECT *\nFROM `...')
#2 C:\Users\Marketing\Desktop\Vue\CI Prac\Reservation\reservationAPI\system\Database\BaseConnection.php(606): CodeIgniter\Database\BaseConnection->simpleQuery('SELECT *\nFROM `...')
#3 C:\Users\Marketing\Desktop\Vue\CI Prac\Reservation\reservationAPI\system\Database\BaseBuilder.php(1616): CodeIgniter\Database\BaseConnection->query('SELECT *\nFROM `...', Array, false)
#4 C:\Users\Marketing\Desktop\Vue\CI Prac\Reservation\reservationAPI\app\Models\DashboardModel.php(20): CodeIgniter\Database\BaseBuilder->get()
#5 C:\Users\Marketing\Desktop\Vue\CI Prac\Reservation\reservationAPI\app\Controllers\Dashboard.php(14): App\Models\DashboardModel->fetchReserveRoom()
#6 C:\Users\Marketing\Desktop\Vue\CI Prac\Reservation\reservationAPI\system\CodeIgniter.php(934): App\Controllers\Dashboard->fetchRoomController()
#7 C:\Users\Marketing\Desktop\Vue\CI Prac\Reservation\reservationAPI\system\CodeIgniter.php(499): CodeIgniter\CodeIgniter->runController(Object(App\Controllers\Dashboard))
#8 C:\Users\Marketing\Desktop\Vue\CI Prac\Reservation\reservationAPI\system\CodeIgniter.php(368): CodeIgniter\CodeIgniter->handleRequest(NULL, Object(Config\Cache), false)
#9 C:\Users\Marketing\Desktop\Vue\CI Prac\Reservation\reservationAPI\public\index.php(67): CodeIgniter\CodeIgniter->run()
#10 C:\Users\Marketing\Desktop\Vue\CI Prac\Reservation\reservationAPI\system\Commands\Server\rewrite.php(47): require_once('C:\\Users\\Market...')
#11 {main}
CRITICAL - 2023-05-31 22:44:08 --> Table 'reservation_db.customers' doesn't exist
in SYSTEMPATH\Database\MySQLi\Connection.php on line 295.
 1 SYSTEMPATH\Database\MySQLi\Connection.php(295): mysqli->query('SELECT *
FROM `room_type`
JOIN `customers` ON `customer`.`room_type_id` = `room_type`.`room_type_id`', 0)
 2 SYSTEMPATH\Database\BaseConnection.php(692): CodeIgniter\Database\MySQLi\Connection->execute('SELECT *
FROM `room_type`
JOIN `customers` ON `customer`.`room_type_id` = `room_type`.`room_type_id`')
 3 SYSTEMPATH\Database\BaseConnection.php(606): CodeIgniter\Database\BaseConnection->simpleQuery('SELECT *
FROM `room_type`
JOIN `customers` ON `customer`.`room_type_id` = `room_type`.`room_type_id`')
 4 SYSTEMPATH\Database\BaseBuilder.php(1616): CodeIgniter\Database\BaseConnection->query('SELECT *
FROM `room_type`
JOIN `customers` ON `customer`.`room_type_id` = `room_type`.`room_type_id`', [], false)
 5 APPPATH\Models\DashboardModel.php(20): CodeIgniter\Database\BaseBuilder->get()
 6 APPPATH\Controllers\Dashboard.php(14): App\Models\DashboardModel->fetchReserveRoom()
 7 SYSTEMPATH\CodeIgniter.php(934): App\Controllers\Dashboard->fetchRoomController()
 8 SYSTEMPATH\CodeIgniter.php(499): CodeIgniter\CodeIgniter->runController(Object(App\Controllers\Dashboard))
 9 SYSTEMPATH\CodeIgniter.php(368): CodeIgniter\CodeIgniter->handleRequest(null, Object(Config\Cache), false)
10 FCPATH\index.php(67): CodeIgniter\CodeIgniter->run()
11 SYSTEMPATH\Commands\Server\rewrite.php(47): require_once('C:\\Users\\Marketing\\Desktop\\Vue\\CI Prac\\Reservation\\reservationAPI\\public\\index.php')
