ERROR - 2023-05-30 04:54:15 --> mysqli_sql_exception: Cannot add or update a child row: a foreign key constraint fails (`reservation_db`.`room_type`, CONSTRAINT `room_type_ibfk_1` FOREIGN KEY (`customer_id`) REFERENCES `customer` (`customer_id`)) in C:\Users\marka\OneDrive\Desktop\CI Prac\Reservation\reservationAPI\system\Database\MySQLi\Connection.php:295
Stack trace:
#0 C:\Users\marka\OneDrive\Desktop\CI Prac\Reservation\reservationAPI\system\Database\MySQLi\Connection.php(295): mysqli->query('INSERT INTO `ro...', 0)
#1 C:\Users\marka\OneDrive\Desktop\CI Prac\Reservation\reservationAPI\system\Database\BaseConnection.php(692): CodeIgniter\Database\MySQLi\Connection->execute('INSERT INTO `ro...')
#2 C:\Users\marka\OneDrive\Desktop\CI Prac\Reservation\reservationAPI\system\Database\BaseConnection.php(606): CodeIgniter\Database\BaseConnection->simpleQuery('INSERT INTO `ro...')
#3 C:\Users\marka\OneDrive\Desktop\CI Prac\Reservation\reservationAPI\system\Database\BaseBuilder.php(2309): CodeIgniter\Database\BaseConnection->query('INSERT INTO `ro...', Array, false)
#4 C:\Users\marka\OneDrive\Desktop\CI Prac\Reservation\reservationAPI\app\Models\DashboardModel.php(25): CodeIgniter\Database\BaseBuilder->insert(Array)
#5 C:\Users\marka\OneDrive\Desktop\CI Prac\Reservation\reservationAPI\app\Controllers\Dashboard.php(51): App\Models\DashboardModel->addRoom(Array)
#6 C:\Users\marka\OneDrive\Desktop\CI Prac\Reservation\reservationAPI\system\CodeIgniter.php(934): App\Controllers\Dashboard->addRoomController()
#7 C:\Users\marka\OneDrive\Desktop\CI Prac\Reservation\reservationAPI\system\CodeIgniter.php(499): CodeIgniter\CodeIgniter->runController(Object(App\Controllers\Dashboard))
#8 C:\Users\marka\OneDrive\Desktop\CI Prac\Reservation\reservationAPI\system\CodeIgniter.php(368): CodeIgniter\CodeIgniter->handleRequest(NULL, Object(Config\Cache), false)
#9 C:\Users\marka\OneDrive\Desktop\CI Prac\Reservation\reservationAPI\public\index.php(67): CodeIgniter\CodeIgniter->run()
#10 C:\Users\marka\OneDrive\Desktop\CI Prac\Reservation\reservationAPI\system\Commands\Server\rewrite.php(47): require_once('C:\\Users\\marka\\...')
#11 {main}
CRITICAL - 2023-05-30 04:54:15 --> Cannot add or update a child row: a foreign key constraint fails (`reservation_db`.`room_type`, CONSTRAINT `room_type_ibfk_1` FOREIGN KEY (`customer_id`) REFERENCES `customer` (`customer_id`))
in SYSTEMPATH\Database\MySQLi\Connection.php on line 295.
 1 SYSTEMPATH\Database\MySQLi\Connection.php(295): mysqli->query('INSERT INTO `room_type` (`name`, `capacity`, `price`, `category`, `location`, `photo`, `created_at`) VALUES (\'test\', \'12\', \'24\', \'1\', \'test\', \'1685422455_7e8fdb704fd3d4ee7e26.jpg\', \'2023-05-30 04:54:15\')', 0)
 2 SYSTEMPATH\Database\BaseConnection.php(692): CodeIgniter\Database\MySQLi\Connection->execute('INSERT INTO `room_type` (`name`, `capacity`, `price`, `category`, `location`, `photo`, `created_at`) VALUES (\'test\', \'12\', \'24\', \'1\', \'test\', \'1685422455_7e8fdb704fd3d4ee7e26.jpg\', \'2023-05-30 04:54:15\')')
 3 SYSTEMPATH\Database\BaseConnection.php(606): CodeIgniter\Database\BaseConnection->simpleQuery('INSERT INTO `room_type` (`name`, `capacity`, `price`, `category`, `location`, `photo`, `created_at`) VALUES (\'test\', \'12\', \'24\', \'1\', \'test\', \'1685422455_7e8fdb704fd3d4ee7e26.jpg\', \'2023-05-30 04:54:15\')')
 4 SYSTEMPATH\Database\BaseBuilder.php(2309): CodeIgniter\Database\BaseConnection->query('INSERT INTO `room_type` (`name`, `capacity`, `price`, `category`, `location`, `photo`, `created_at`) VALUES (:name:, :capacity:, :price:, :category:, :location:, :photo:, :created_at:)', [...], false)
 5 APPPATH\Models\DashboardModel.php(25): CodeIgniter\Database\BaseBuilder->insert([...])
 6 APPPATH\Controllers\Dashboard.php(51): App\Models\DashboardModel->addRoom([...])
 7 SYSTEMPATH\CodeIgniter.php(934): App\Controllers\Dashboard->addRoomController()
 8 SYSTEMPATH\CodeIgniter.php(499): CodeIgniter\CodeIgniter->runController(Object(App\Controllers\Dashboard))
 9 SYSTEMPATH\CodeIgniter.php(368): CodeIgniter\CodeIgniter->handleRequest(null, Object(Config\Cache), false)
10 FCPATH\index.php(67): CodeIgniter\CodeIgniter->run()
11 SYSTEMPATH\Commands\Server\rewrite.php(47): require_once('C:\\Users\\marka\\OneDrive\\Desktop\\CI Prac\\Reservation\\reservationAPI\\public\\index.php')
ERROR - 2023-05-30 04:55:02 --> mysqli_sql_exception: Cannot add or update a child row: a foreign key constraint fails (`reservation_db`.`room_type`, CONSTRAINT `room_type_ibfk_1` FOREIGN KEY (`customer_id`) REFERENCES `customer` (`customer_id`)) in C:\Users\marka\OneDrive\Desktop\CI Prac\Reservation\reservationAPI\system\Database\MySQLi\Connection.php:295
Stack trace:
#0 C:\Users\marka\OneDrive\Desktop\CI Prac\Reservation\reservationAPI\system\Database\MySQLi\Connection.php(295): mysqli->query('INSERT INTO `ro...', 0)
#1 C:\Users\marka\OneDrive\Desktop\CI Prac\Reservation\reservationAPI\system\Database\BaseConnection.php(692): CodeIgniter\Database\MySQLi\Connection->execute('INSERT INTO `ro...')
#2 C:\Users\marka\OneDrive\Desktop\CI Prac\Reservation\reservationAPI\system\Database\BaseConnection.php(606): CodeIgniter\Database\BaseConnection->simpleQuery('INSERT INTO `ro...')
#3 C:\Users\marka\OneDrive\Desktop\CI Prac\Reservation\reservationAPI\system\Database\BaseBuilder.php(2309): CodeIgniter\Database\BaseConnection->query('INSERT INTO `ro...', Array, false)
#4 C:\Users\marka\OneDrive\Desktop\CI Prac\Reservation\reservationAPI\app\Models\DashboardModel.php(25): CodeIgniter\Database\BaseBuilder->insert(Array)
#5 C:\Users\marka\OneDrive\Desktop\CI Prac\Reservation\reservationAPI\app\Controllers\Dashboard.php(51): App\Models\DashboardModel->addRoom(Array)
#6 C:\Users\marka\OneDrive\Desktop\CI Prac\Reservation\reservationAPI\system\CodeIgniter.php(934): App\Controllers\Dashboard->addRoomController()
#7 C:\Users\marka\OneDrive\Desktop\CI Prac\Reservation\reservationAPI\system\CodeIgniter.php(499): CodeIgniter\CodeIgniter->runController(Object(App\Controllers\Dashboard))
#8 C:\Users\marka\OneDrive\Desktop\CI Prac\Reservation\reservationAPI\system\CodeIgniter.php(368): CodeIgniter\CodeIgniter->handleRequest(NULL, Object(Config\Cache), false)
#9 C:\Users\marka\OneDrive\Desktop\CI Prac\Reservation\reservationAPI\public\index.php(67): CodeIgniter\CodeIgniter->run()
#10 C:\Users\marka\OneDrive\Desktop\CI Prac\Reservation\reservationAPI\system\Commands\Server\rewrite.php(47): require_once('C:\\Users\\marka\\...')
#11 {main}
CRITICAL - 2023-05-30 04:55:02 --> Cannot add or update a child row: a foreign key constraint fails (`reservation_db`.`room_type`, CONSTRAINT `room_type_ibfk_1` FOREIGN KEY (`customer_id`) REFERENCES `customer` (`customer_id`))
in SYSTEMPATH\Database\MySQLi\Connection.php on line 295.
 1 SYSTEMPATH\Database\MySQLi\Connection.php(295): mysqli->query('INSERT INTO `room_type` (`name`, `capacity`, `price`, `category`, `location`, `photo`, `created_at`) VALUES (\'Cumque reprehenderit\', \'12\', \'24\', \'1\', \'Et velit dolor aliqu\', \'1685422502_8b7c611e22d77c1ad23a.jpg\', \'2023-05-30 04:55:02\')', 0)
 2 SYSTEMPATH\Database\BaseConnection.php(692): CodeIgniter\Database\MySQLi\Connection->execute('INSERT INTO `room_type` (`name`, `capacity`, `price`, `category`, `location`, `photo`, `created_at`) VALUES (\'Cumque reprehenderit\', \'12\', \'24\', \'1\', \'Et velit dolor aliqu\', \'1685422502_8b7c611e22d77c1ad23a.jpg\', \'2023-05-30 04:55:02\')')
 3 SYSTEMPATH\Database\BaseConnection.php(606): CodeIgniter\Database\BaseConnection->simpleQuery('INSERT INTO `room_type` (`name`, `capacity`, `price`, `category`, `location`, `photo`, `created_at`) VALUES (\'Cumque reprehenderit\', \'12\', \'24\', \'1\', \'Et velit dolor aliqu\', \'1685422502_8b7c611e22d77c1ad23a.jpg\', \'2023-05-30 04:55:02\')')
 4 SYSTEMPATH\Database\BaseBuilder.php(2309): CodeIgniter\Database\BaseConnection->query('INSERT INTO `room_type` (`name`, `capacity`, `price`, `category`, `location`, `photo`, `created_at`) VALUES (:name:, :capacity:, :price:, :category:, :location:, :photo:, :created_at:)', [...], false)
 5 APPPATH\Models\DashboardModel.php(25): CodeIgniter\Database\BaseBuilder->insert([...])
 6 APPPATH\Controllers\Dashboard.php(51): App\Models\DashboardModel->addRoom([...])
 7 SYSTEMPATH\CodeIgniter.php(934): App\Controllers\Dashboard->addRoomController()
 8 SYSTEMPATH\CodeIgniter.php(499): CodeIgniter\CodeIgniter->runController(Object(App\Controllers\Dashboard))
 9 SYSTEMPATH\CodeIgniter.php(368): CodeIgniter\CodeIgniter->handleRequest(null, Object(Config\Cache), false)
10 FCPATH\index.php(67): CodeIgniter\CodeIgniter->run()
11 SYSTEMPATH\Commands\Server\rewrite.php(47): require_once('C:\\Users\\marka\\OneDrive\\Desktop\\CI Prac\\Reservation\\reservationAPI\\public\\index.php')
ERROR - 2023-05-30 05:46:09 --> mysqli_sql_exception: Cannot add or update a child row: a foreign key constraint fails (`reservation_db`.`customer`, CONSTRAINT `customer_ibfk_1` FOREIGN KEY (`room_type_id`) REFERENCES `room_type` (`room_type_id`)) in C:\Users\marka\OneDrive\Desktop\CI Prac\Reservation\reservationAPI\system\Database\MySQLi\Connection.php:295
Stack trace:
#0 C:\Users\marka\OneDrive\Desktop\CI Prac\Reservation\reservationAPI\system\Database\MySQLi\Connection.php(295): mysqli->query('INSERT INTO `cu...', 0)
#1 C:\Users\marka\OneDrive\Desktop\CI Prac\Reservation\reservationAPI\system\Database\BaseConnection.php(692): CodeIgniter\Database\MySQLi\Connection->execute('INSERT INTO `cu...')
#2 C:\Users\marka\OneDrive\Desktop\CI Prac\Reservation\reservationAPI\system\Database\BaseConnection.php(606): CodeIgniter\Database\BaseConnection->simpleQuery('INSERT INTO `cu...')
#3 C:\Users\marka\OneDrive\Desktop\CI Prac\Reservation\reservationAPI\system\Database\BaseBuilder.php(2309): CodeIgniter\Database\BaseConnection->query('INSERT INTO `cu...', Array, false)
#4 C:\Users\marka\OneDrive\Desktop\CI Prac\Reservation\reservationAPI\app\Models\HomeModel.php(27): CodeIgniter\Database\BaseBuilder->insert(Array)
#5 C:\Users\marka\OneDrive\Desktop\CI Prac\Reservation\reservationAPI\app\Controllers\Home.php(42): App\Models\HomeModel->addRoomAndContactInfo(Array)
#6 C:\Users\marka\OneDrive\Desktop\CI Prac\Reservation\reservationAPI\system\CodeIgniter.php(934): App\Controllers\Home->addRoomAndContactInfoController()
#7 C:\Users\marka\OneDrive\Desktop\CI Prac\Reservation\reservationAPI\system\CodeIgniter.php(499): CodeIgniter\CodeIgniter->runController(Object(App\Controllers\Home))
#8 C:\Users\marka\OneDrive\Desktop\CI Prac\Reservation\reservationAPI\system\CodeIgniter.php(368): CodeIgniter\CodeIgniter->handleRequest(NULL, Object(Config\Cache), false)
#9 C:\Users\marka\OneDrive\Desktop\CI Prac\Reservation\reservationAPI\public\index.php(67): CodeIgniter\CodeIgniter->run()
#10 C:\Users\marka\OneDrive\Desktop\CI Prac\Reservation\reservationAPI\system\Commands\Server\rewrite.php(47): require_once('C:\\Users\\marka\\...')
#11 {main}
CRITICAL - 2023-05-30 05:46:09 --> Cannot add or update a child row: a foreign key constraint fails (`reservation_db`.`customer`, CONSTRAINT `customer_ibfk_1` FOREIGN KEY (`room_type_id`) REFERENCES `room_type` (`room_type_id`))
in SYSTEMPATH\Database\MySQLi\Connection.php on line 295.
 1 SYSTEMPATH\Database\MySQLi\Connection.php(295): mysqli->query('INSERT INTO `customer` (`first_name`, `last_name`, `email`, `phone`) VALUES (\'Ducimus qui laboris\', \'Excepturi lorem et n\', \'sagy@mailinator.com\', \'123456\')', 0)
 2 SYSTEMPATH\Database\BaseConnection.php(692): CodeIgniter\Database\MySQLi\Connection->execute('INSERT INTO `customer` (`first_name`, `last_name`, `email`, `phone`) VALUES (\'Ducimus qui laboris\', \'Excepturi lorem et n\', \'sagy@mailinator.com\', \'123456\')')
 3 SYSTEMPATH\Database\BaseConnection.php(606): CodeIgniter\Database\BaseConnection->simpleQuery('INSERT INTO `customer` (`first_name`, `last_name`, `email`, `phone`) VALUES (\'Ducimus qui laboris\', \'Excepturi lorem et n\', \'sagy@mailinator.com\', \'123456\')')
 4 SYSTEMPATH\Database\BaseBuilder.php(2309): CodeIgniter\Database\BaseConnection->query('INSERT INTO `customer` (`first_name`, `last_name`, `email`, `phone`) VALUES (:first_name:, :last_name:, :email:, :phone:)', [...], false)
 5 APPPATH\Models\HomeModel.php(27): CodeIgniter\Database\BaseBuilder->insert([...])
 6 APPPATH\Controllers\Home.php(42): App\Models\HomeModel->addRoomAndContactInfo([...])
 7 SYSTEMPATH\CodeIgniter.php(934): App\Controllers\Home->addRoomAndContactInfoController()
 8 SYSTEMPATH\CodeIgniter.php(499): CodeIgniter\CodeIgniter->runController(Object(App\Controllers\Home))
 9 SYSTEMPATH\CodeIgniter.php(368): CodeIgniter\CodeIgniter->handleRequest(null, Object(Config\Cache), false)
10 FCPATH\index.php(67): CodeIgniter\CodeIgniter->run()
11 SYSTEMPATH\Commands\Server\rewrite.php(47): require_once('C:\\Users\\marka\\OneDrive\\Desktop\\CI Prac\\Reservation\\reservationAPI\\public\\index.php')
