CRITICAL - 2023-06-01 18:25:33 --> Call to undefined method CodeIgniter\HTTP\Response::getPost()
in APPPATH\Controllers\Schedule.php on line 26.
 1 SYSTEMPATH\CodeIgniter.php(934): App\Controllers\Schedule->addScheduleController()
 2 SYSTEMPATH\CodeIgniter.php(499): CodeIgniter\CodeIgniter->runController(Object(App\Controllers\Schedule))
 3 SYSTEMPATH\CodeIgniter.php(368): CodeIgniter\CodeIgniter->handleRequest(null, Object(Config\Cache), false)
 4 FCPATH\index.php(67): CodeIgniter\CodeIgniter->run()
 5 SYSTEMPATH\Commands\Server\rewrite.php(47): require_once('C:\\Users\\Marketing\\Desktop\\Vue\\CI Prac\\Reservation\\reservationAPI\\public\\index.php')
CRITICAL - 2023-06-01 18:26:17 --> Call to undefined method CodeIgniter\HTTP\Response::getPost()
in APPPATH\Controllers\Schedule.php on line 26.
 1 SYSTEMPATH\CodeIgniter.php(934): App\Controllers\Schedule->addScheduleController()
 2 SYSTEMPATH\CodeIgniter.php(499): CodeIgniter\CodeIgniter->runController(Object(App\Controllers\Schedule))
 3 SYSTEMPATH\CodeIgniter.php(368): CodeIgniter\CodeIgniter->handleRequest(null, Object(Config\Cache), false)
 4 FCPATH\index.php(67): CodeIgniter\CodeIgniter->run()
 5 SYSTEMPATH\Commands\Server\rewrite.php(47): require_once('C:\\Users\\Marketing\\Desktop\\Vue\\CI Prac\\Reservation\\reservationAPI\\public\\index.php')
CRITICAL - 2023-06-01 20:40:34 --> Call to undefined method CodeIgniter\HTTP\Response::getPost()
in APPPATH\Controllers\Schedule.php on line 26.
 1 SYSTEMPATH\CodeIgniter.php(934): App\Controllers\Schedule->addScheduleController()
 2 SYSTEMPATH\CodeIgniter.php(499): CodeIgniter\CodeIgniter->runController(Object(App\Controllers\Schedule))
 3 SYSTEMPATH\CodeIgniter.php(368): CodeIgniter\CodeIgniter->handleRequest(null, Object(Config\Cache), false)
 4 FCPATH\index.php(67): CodeIgniter\CodeIgniter->run()
 5 SYSTEMPATH\Commands\Server\rewrite.php(47): require_once('C:\\Users\\Marketing\\Desktop\\Vue\\CI Prac\\Reservation\\reservationAPI\\public\\index.php')
CRITICAL - 2023-06-01 20:41:03 --> Call to undefined method CodeIgniter\HTTP\Response::getPost()
in APPPATH\Controllers\Schedule.php on line 26.
 1 SYSTEMPATH\CodeIgniter.php(934): App\Controllers\Schedule->addScheduleController()
 2 SYSTEMPATH\CodeIgniter.php(499): CodeIgniter\CodeIgniter->runController(Object(App\Controllers\Schedule))
 3 SYSTEMPATH\CodeIgniter.php(368): CodeIgniter\CodeIgniter->handleRequest(null, Object(Config\Cache), false)
 4 FCPATH\index.php(67): CodeIgniter\CodeIgniter->run()
 5 SYSTEMPATH\Commands\Server\rewrite.php(47): require_once('C:\\Users\\Marketing\\Desktop\\Vue\\CI Prac\\Reservation\\reservationAPI\\public\\index.php')
CRITICAL - 2023-06-01 20:45:09 --> Call to undefined method CodeIgniter\HTTP\Response::getPost()
in APPPATH\Controllers\Schedule.php on line 26.
 1 SYSTEMPATH\CodeIgniter.php(934): App\Controllers\Schedule->addScheduleController()
 2 SYSTEMPATH\CodeIgniter.php(499): CodeIgniter\CodeIgniter->runController(Object(App\Controllers\Schedule))
 3 SYSTEMPATH\CodeIgniter.php(368): CodeIgniter\CodeIgniter->handleRequest(null, Object(Config\Cache), false)
 4 FCPATH\index.php(67): CodeIgniter\CodeIgniter->run()
 5 SYSTEMPATH\Commands\Server\rewrite.php(47): require_once('C:\\Users\\Marketing\\Desktop\\Vue\\CI Prac\\Reservation\\reservationAPI\\public\\index.php')
CRITICAL - 2023-06-01 20:46:22 --> Call to undefined method CodeIgniter\HTTP\Response::getPost()
in APPPATH\Controllers\Schedule.php on line 26.
 1 SYSTEMPATH\CodeIgniter.php(934): App\Controllers\Schedule->addScheduleController()
 2 SYSTEMPATH\CodeIgniter.php(499): CodeIgniter\CodeIgniter->runController(Object(App\Controllers\Schedule))
 3 SYSTEMPATH\CodeIgniter.php(368): CodeIgniter\CodeIgniter->handleRequest(null, Object(Config\Cache), false)
 4 FCPATH\index.php(67): CodeIgniter\CodeIgniter->run()
 5 SYSTEMPATH\Commands\Server\rewrite.php(47): require_once('C:\\Users\\Marketing\\Desktop\\Vue\\CI Prac\\Reservation\\reservationAPI\\public\\index.php')
CRITICAL - 2023-06-01 20:54:59 --> Call to undefined method CodeIgniter\HTTP\Response::getPost()
in APPPATH\Controllers\Schedule.php on line 26.
 1 SYSTEMPATH\CodeIgniter.php(934): App\Controllers\Schedule->addScheduleController()
 2 SYSTEMPATH\CodeIgniter.php(499): CodeIgniter\CodeIgniter->runController(Object(App\Controllers\Schedule))
 3 SYSTEMPATH\CodeIgniter.php(368): CodeIgniter\CodeIgniter->handleRequest(null, Object(Config\Cache), false)
 4 FCPATH\index.php(67): CodeIgniter\CodeIgniter->run()
 5 SYSTEMPATH\Commands\Server\rewrite.php(47): require_once('C:\\Users\\Marketing\\Desktop\\Vue\\CI Prac\\Reservation\\reservationAPI\\public\\index.php')
CRITICAL - 2023-06-01 22:02:58 --> Call to undefined method CodeIgniter\HTTP\Response::getPost()
in APPPATH\Controllers\Schedule.php on line 26.
 1 SYSTEMPATH\CodeIgniter.php(934): App\Controllers\Schedule->addScheduleController()
 2 SYSTEMPATH\CodeIgniter.php(499): CodeIgniter\CodeIgniter->runController(Object(App\Controllers\Schedule))
 3 SYSTEMPATH\CodeIgniter.php(368): CodeIgniter\CodeIgniter->handleRequest(null, Object(Config\Cache), false)
 4 FCPATH\index.php(67): CodeIgniter\CodeIgniter->run()
 5 SYSTEMPATH\Commands\Server\rewrite.php(47): require_once('C:\\Users\\Marketing\\Desktop\\Vue\\CI Prac\\Reservation\\reservationAPI\\public\\index.php')
CRITICAL - 2023-06-01 22:03:47 --> Call to undefined method CodeIgniter\HTTP\Response::getPost()
in APPPATH\Controllers\Schedule.php on line 26.
 1 SYSTEMPATH\CodeIgniter.php(934): App\Controllers\Schedule->addScheduleController()
 2 SYSTEMPATH\CodeIgniter.php(499): CodeIgniter\CodeIgniter->runController(Object(App\Controllers\Schedule))
 3 SYSTEMPATH\CodeIgniter.php(368): CodeIgniter\CodeIgniter->handleRequest(null, Object(Config\Cache), false)
 4 FCPATH\index.php(67): CodeIgniter\CodeIgniter->run()
 5 SYSTEMPATH\Commands\Server\rewrite.php(47): require_once('C:\\Users\\Marketing\\Desktop\\Vue\\CI Prac\\Reservation\\reservationAPI\\public\\index.php')
CRITICAL - 2023-06-01 22:07:06 --> Call to undefined method CodeIgniter\HTTP\Response::getPost()
in APPPATH\Controllers\Schedule.php on line 26.
 1 SYSTEMPATH\CodeIgniter.php(934): App\Controllers\Schedule->addScheduleController()
 2 SYSTEMPATH\CodeIgniter.php(499): CodeIgniter\CodeIgniter->runController(Object(App\Controllers\Schedule))
 3 SYSTEMPATH\CodeIgniter.php(368): CodeIgniter\CodeIgniter->handleRequest(null, Object(Config\Cache), false)
 4 FCPATH\index.php(67): CodeIgniter\CodeIgniter->run()
 5 SYSTEMPATH\Commands\Server\rewrite.php(47): require_once('C:\\Users\\Marketing\\Desktop\\Vue\\CI Prac\\Reservation\\reservationAPI\\public\\index.php')
CRITICAL - 2023-06-01 22:07:52 --> Call to undefined method CodeIgniter\HTTP\Response::getPost()
in APPPATH\Controllers\Schedule.php on line 26.
 1 SYSTEMPATH\CodeIgniter.php(934): App\Controllers\Schedule->addScheduleController()
 2 SYSTEMPATH\CodeIgniter.php(499): CodeIgniter\CodeIgniter->runController(Object(App\Controllers\Schedule))
 3 SYSTEMPATH\CodeIgniter.php(368): CodeIgniter\CodeIgniter->handleRequest(null, Object(Config\Cache), false)
 4 FCPATH\index.php(67): CodeIgniter\CodeIgniter->run()
 5 SYSTEMPATH\Commands\Server\rewrite.php(47): require_once('C:\\Users\\Marketing\\Desktop\\Vue\\CI Prac\\Reservation\\reservationAPI\\public\\index.php')
